<?xml version="1.0" encoding="UTF-8"?>
<testng-results ignored="0" total="73" passed="30" failed="43" skipped="0">
  <reporter-output>
  </reporter-output>
  <suite started-at="2026-06-25T14:53:31 ICT" name="Student Management Test Suite" finished-at="2026-06-25T15:03:52 ICT" duration-ms="620672">
    <groups>
    </groups>
    <test started-at="2026-06-25T14:53:31 ICT" name="Student CRUD Operations Test" finished-at="2026-06-25T15:03:52 ICT" duration-ms="620672">
      <class name="net.fernandosalas.tests.StudentManagementTest">
        <test-method is-config="true" signature="setUp()[pri:0, instance:net.fernandosalas.tests.StudentManagementTest@384ad17b]" started-at="2026-06-25T14:53:32 ICT" name="setUp" finished-at="2026-06-25T14:53:34 ICT" duration-ms="2719" status="PASS">
          <reporter-output>
          </reporter-output>
        </test-method> <!-- setUp -->
        <test-method signature="TC_ADD_08_missingDepartment()[pri:0, instance:net.fernandosalas.tests.StudentManagementTest@384ad17b]" started-at="2026-06-25T14:53:34 ICT" name="TC_ADD_08_missingDepartment" description="TC_ADD_08 - Không chọn Department" finished-at="2026-06-25T14:53:45 ICT" duration-ms="10988" status="FAIL">
          <exception class="org.openqa.selenium.TimeoutException">
            <message>
              <![CDATA[Expected condition failed: waiting for visibility of element located by By.cssSelector: .alert (tried for 10 second(s) with 500 milliseconds interval)
Build info: version: '4.18.1', revision: 'b1d3319b48'
System info: os.name: 'Windows 10', os.arch: 'amd64', os.version: '10.0', java.version: '17.0.12'
Driver info: org.openqa.selenium.chrome.ChromeDriver
Capabilities {acceptInsecureCerts: false, browserName: chrome, browserVersion: 149.0.7827.116, chrome: {chromedriverVersion: 149.0.7827.155 (07b52360cc1..., userDataDir: C:\Users\admin\AppData\Loca...}, fedcm:accounts: true, goog:chromeOptions: {debuggerAddress: localhost:49810}, goog:processID: 5020, networkConnectionEnabled: false, pageLoadStrategy: normal, platformName: windows, proxy: Proxy(), se:cdp: ws://localhost:49810/devtoo..., se:cdpVersion: 149.0.7827.116, setWindowRect: true, strictFileInteractability: false, timeouts: {implicit: 0, pageLoad: 300000, script: 30000}, unhandledPromptBehavior: dismiss and notify, webauthn:extension:credBlob: true, webauthn:extension:largeBlob: true, webauthn:extension:minPinLength: true, webauthn:extension:prf: true, webauthn:virtualAuthenticators: true}
Session ID: 11de5eda426bd28342f006af29780733]]>
            </message>
            <full-stacktrace>
              <![CDATA[org.openqa.selenium.TimeoutException: Expected condition failed: waiting for visibility of element located by By.cssSelector: .alert (tried for 10 second(s) with 500 milliseconds interval)
Build info: version: '4.18.1', revision: 'b1d3319b48'
System info: os.name: 'Windows 10', os.arch: 'amd64', os.version: '10.0', java.version: '17.0.12'
Driver info: org.openqa.selenium.chrome.ChromeDriver
Capabilities {acceptInsecureCerts: false, browserName: chrome, browserVersion: 149.0.7827.116, chrome: {chromedriverVersion: 149.0.7827.155 (07b52360cc1..., userDataDir: C:\Users\admin\AppData\Loca...}, fedcm:accounts: true, goog:chromeOptions: {debuggerAddress: localhost:49810}, goog:processID: 5020, networkConnectionEnabled: false, pageLoadStrategy: normal, platformName: windows, proxy: Proxy(), se:cdp: ws://localhost:49810/devtoo..., se:cdpVersion: 149.0.7827.116, setWindowRect: true, strictFileInteractability: false, timeouts: {implicit: 0, pageLoad: 300000, script: 30000}, unhandledPromptBehavior: dismiss and notify, webauthn:extension:credBlob: true, webauthn:extension:largeBlob: true, webauthn:extension:minPinLength: true, webauthn:extension:prf: true, webauthn:virtualAuthenticators: true}
Session ID: 11de5eda426bd28342f006af29780733
at org.openqa.selenium.support.ui.WebDriverWait.timeoutException(WebDriverWait.java:84)
at org.openqa.selenium.support.ui.FluentWait.until(FluentWait.java:228)
at net.fernandosalas.pages.StudentFormPage.getAlertMessage(StudentFormPage.java:103)
at net.fernandosalas.tests.StudentManagementTest.TC_ADD_08_missingDepartment(StudentManagementTest.java:194)
at java.base/jdk.internal.reflect.NativeMethodAccessorImpl.invoke0(Native Method)
at java.base/jdk.internal.reflect.NativeMethodAccessorImpl.invoke(NativeMethodAccessorImpl.java:77)
at java.base/jdk.internal.reflect.DelegatingMethodAccessorImpl.invoke(DelegatingMethodAccessorImpl.java:43)
at java.base/java.lang.reflect.Method.invoke(Method.java:568)
at org.testng.internal.invokers.MethodInvocationHelper.invokeMethod(MethodInvocationHelper.java:139)
at org.testng.internal.invokers.TestInvoker.invokeMethod(TestInvoker.java:664)
at org.testng.internal.invokers.TestInvoker.invokeTestMethod(TestInvoker.java:228)
at org.testng.internal.invokers.MethodRunner.runInSequence(MethodRunner.java:63)
at org.testng.internal.invokers.TestInvoker$MethodInvocationAgent.invoke(TestInvoker.java:961)
at org.testng.internal.invokers.TestInvoker.invokeTestMethods(TestInvoker.java:201)
at org.testng.internal.invokers.TestMethodWorker.invokeTestMethods(TestMethodWorker.java:148)
at org.testng.internal.invokers.TestMethodWorker.run(TestMethodWorker.java:128)
at java.base/java.util.ArrayList.forEach(ArrayList.java:1511)
at org.testng.TestRunner.privateRun(TestRunner.java:819)
at org.testng.TestRunner.run(TestRunner.java:619)
at org.testng.SuiteRunner.runTest(SuiteRunner.java:443)
at org.testng.SuiteRunner.runSequentially(SuiteRunner.java:437)
at org.testng.SuiteRunner.privateRun(SuiteRunner.java:397)
at org.testng.SuiteRunner.run(SuiteRunner.java:336)
at org.testng.SuiteRunnerWorker.runSuite(SuiteRunnerWorker.java:52)
at org.testng.SuiteRunnerWorker.run(SuiteRunnerWorker.java:95)
at org.testng.TestNG.runSuitesSequentially(TestNG.java:1301)
at org.testng.TestNG.runSuitesLocally(TestNG.java:1228)
at org.testng.TestNG.runSuites(TestNG.java:1134)
at org.testng.TestNG.run(TestNG.java:1101)
at org.apache.maven.surefire.testng.TestNGExecutor.run(TestNGExecutor.java:308)
at org.apache.maven.surefire.testng.TestNGXmlTestSuite.execute(TestNGXmlTestSuite.java:71)
at org.apache.maven.surefire.testng.TestNGProvider.invoke(TestNGProvider.java:113)
at org.apache.maven.surefire.booter.ForkedBooter.runSuitesInProcess(ForkedBooter.java:385)
at org.apache.maven.surefire.booter.ForkedBooter.execute(ForkedBooter.java:162)
at org.apache.maven.surefire.booter.ForkedBooter.run(ForkedBooter.java:507)
at org.apache.maven.surefire.booter.ForkedBooter.main(ForkedBooter.java:495)
]]>
            </full-stacktrace>
          </exception> <!-- org.openqa.selenium.TimeoutException -->
          <reporter-output>
          </reporter-output>
        </test-method> <!-- TC_ADD_08_missingDepartment -->
        <test-method is-config="true" signature="tearDown(org.testng.ITestResult)[pri:0, instance:net.fernandosalas.tests.StudentManagementTest@384ad17b]" started-at="2026-06-25T14:53:45 ICT" name="tearDown" finished-at="2026-06-25T14:53:46 ICT" duration-ms="407" status="PASS">
          <params>
            <param index="0">
              <value>
                <![CDATA[[TestResult name=TC_ADD_08_missingDepartment status=FAILURE method=StudentManagementTest.TC_ADD_08_missingDepartment()[pri:0, instance:net.fernandosalas.tests.StudentManagementTest@384ad17b] output={null}]]]>
              </value>
            </param>
          </params>
          <reporter-output>
          </reporter-output>
        </test-method> <!-- tearDown -->
        <test-method is-config="true" signature="setUp()[pri:0, instance:net.fernandosalas.tests.StudentManagementTest@384ad17b]" started-at="2026-06-25T14:53:46 ICT" name="setUp" finished-at="2026-06-25T14:53:47 ICT" duration-ms="857" status="PASS">
          <reporter-output>
          </reporter-output>
        </test-method> <!-- setUp -->
        <test-method signature="TC_ADD_15_duplicateEmail()[pri:0, instance:net.fernandosalas.tests.StudentManagementTest@384ad17b]" started-at="2026-06-25T14:53:47 ICT" name="TC_ADD_15_duplicateEmail" description="TC_ADD_15 - Nhập email đã tồn tại trong hệ thống (Duplicate)" finished-at="2026-06-25T14:53:58 ICT" duration-ms="11446" status="FAIL">
          <exception class="org.openqa.selenium.TimeoutException">
            <message>
              <![CDATA[Expected condition failed: waiting for element to be clickable: By.cssSelector: a[href='/add-student'] (tried for 10 second(s) with 500 milliseconds interval)
Build info: version: '4.18.1', revision: 'b1d3319b48'
System info: os.name: 'Windows 10', os.arch: 'amd64', os.version: '10.0', java.version: '17.0.12'
Driver info: org.openqa.selenium.chrome.ChromeDriver
Capabilities {acceptInsecureCerts: false, browserName: chrome, browserVersion: 149.0.7827.116, chrome: {chromedriverVersion: 149.0.7827.155 (07b52360cc1..., userDataDir: C:\Users\admin\AppData\Loca...}, fedcm:accounts: true, goog:chromeOptions: {debuggerAddress: localhost:49842}, goog:processID: 20592, networkConnectionEnabled: false, pageLoadStrategy: normal, platformName: windows, proxy: Proxy(), se:cdp: ws://localhost:49842/devtoo..., se:cdpVersion: 149.0.7827.116, setWindowRect: true, strictFileInteractability: false, timeouts: {implicit: 0, pageLoad: 300000, script: 30000}, unhandledPromptBehavior: dismiss and notify, webauthn:extension:credBlob: true, webauthn:extension:largeBlob: true, webauthn:extension:minPinLength: true, webauthn:extension:prf: true, webauthn:virtualAuthenticators: true}
Session ID: 3d7ca4e50d0efb98e47d9cab256a1397]]>
            </message>
            <full-stacktrace>
              <![CDATA[org.openqa.selenium.TimeoutException: Expected condition failed: waiting for element to be clickable: By.cssSelector: a[href='/add-student'] (tried for 10 second(s) with 500 milliseconds interval)
Build info: version: '4.18.1', revision: 'b1d3319b48'
System info: os.name: 'Windows 10', os.arch: 'amd64', os.version: '10.0', java.version: '17.0.12'
Driver info: org.openqa.selenium.chrome.ChromeDriver
Capabilities {acceptInsecureCerts: false, browserName: chrome, browserVersion: 149.0.7827.116, chrome: {chromedriverVersion: 149.0.7827.155 (07b52360cc1..., userDataDir: C:\Users\admin\AppData\Loca...}, fedcm:accounts: true, goog:chromeOptions: {debuggerAddress: localhost:49842}, goog:processID: 20592, networkConnectionEnabled: false, pageLoadStrategy: normal, platformName: windows, proxy: Proxy(), se:cdp: ws://localhost:49842/devtoo..., se:cdpVersion: 149.0.7827.116, setWindowRect: true, strictFileInteractability: false, timeouts: {implicit: 0, pageLoad: 300000, script: 30000}, unhandledPromptBehavior: dismiss and notify, webauthn:extension:credBlob: true, webauthn:extension:largeBlob: true, webauthn:extension:minPinLength: true, webauthn:extension:prf: true, webauthn:virtualAuthenticators: true}
Session ID: 3d7ca4e50d0efb98e47d9cab256a1397
at org.openqa.selenium.support.ui.WebDriverWait.timeoutException(WebDriverWait.java:84)
at org.openqa.selenium.support.ui.FluentWait.until(FluentWait.java:228)
at net.fernandosalas.pages.StudentListPage.clickAddStudent(StudentListPage.java:43)
at net.fernandosalas.tests.StudentManagementTest.TC_ADD_15_duplicateEmail(StudentManagementTest.java:242)
at java.base/jdk.internal.reflect.NativeMethodAccessorImpl.invoke0(Native Method)
at java.base/jdk.internal.reflect.NativeMethodAccessorImpl.invoke(NativeMethodAccessorImpl.java:77)
at java.base/jdk.internal.reflect.DelegatingMethodAccessorImpl.invoke(DelegatingMethodAccessorImpl.java:43)
at java.base/java.lang.reflect.Method.invoke(Method.java:568)
at org.testng.internal.invokers.MethodInvocationHelper.invokeMethod(MethodInvocationHelper.java:139)
at org.testng.internal.invokers.TestInvoker.invokeMethod(TestInvoker.java:664)
at org.testng.internal.invokers.TestInvoker.invokeTestMethod(TestInvoker.java:228)
at org.testng.internal.invokers.MethodRunner.runInSequence(MethodRunner.java:63)
at org.testng.internal.invokers.TestInvoker$MethodInvocationAgent.invoke(TestInvoker.java:961)
at org.testng.internal.invokers.TestInvoker.invokeTestMethods(TestInvoker.java:201)
at org.testng.internal.invokers.TestMethodWorker.invokeTestMethods(TestMethodWorker.java:148)
at org.testng.internal.invokers.TestMethodWorker.run(TestMethodWorker.java:128)
at java.base/java.util.ArrayList.forEach(ArrayList.java:1511)
at org.testng.TestRunner.privateRun(TestRunner.java:819)
at org.testng.TestRunner.run(TestRunner.java:619)
at org.testng.SuiteRunner.runTest(SuiteRunner.java:443)
at org.testng.SuiteRunner.runSequentially(SuiteRunner.java:437)
at org.testng.SuiteRunner.privateRun(SuiteRunner.java:397)
at org.testng.SuiteRunner.run(SuiteRunner.java:336)
at org.testng.SuiteRunnerWorker.runSuite(SuiteRunnerWorker.java:52)
at org.testng.SuiteRunnerWorker.run(SuiteRunnerWorker.java:95)
at org.testng.TestNG.runSuitesSequentially(TestNG.java:1301)
at org.testng.TestNG.runSuitesLocally(TestNG.java:1228)
at org.testng.TestNG.runSuites(TestNG.java:1134)
at org.testng.TestNG.run(TestNG.java:1101)
at org.apache.maven.surefire.testng.TestNGExecutor.run(TestNGExecutor.java:308)
at org.apache.maven.surefire.testng.TestNGXmlTestSuite.execute(TestNGXmlTestSuite.java:71)
at org.apache.maven.surefire.testng.TestNGProvider.invoke(TestNGProvider.java:113)
at org.apache.maven.surefire.booter.ForkedBooter.runSuitesInProcess(ForkedBooter.java:385)
at org.apache.maven.surefire.booter.ForkedBooter.execute(ForkedBooter.java:162)
at org.apache.maven.surefire.booter.ForkedBooter.run(ForkedBooter.java:507)
at org.apache.maven.surefire.booter.ForkedBooter.main(ForkedBooter.java:495)
]]>
            </full-stacktrace>
          </exception> <!-- org.openqa.selenium.TimeoutException -->
          <reporter-output>
          </reporter-output>
        </test-method> <!-- TC_ADD_15_duplicateEmail -->
        <test-method is-config="true" signature="tearDown(org.testng.ITestResult)[pri:0, instance:net.fernandosalas.tests.StudentManagementTest@384ad17b]" started-at="2026-06-25T14:53:58 ICT" name="tearDown" finished-at="2026-06-25T14:53:58 ICT" duration-ms="341" status="PASS">
          <params>
            <param index="0">
              <value>
                <![CDATA[[TestResult name=TC_ADD_15_duplicateEmail status=FAILURE method=StudentManagementTest.TC_ADD_15_duplicateEmail()[pri:0, instance:net.fernandosalas.tests.StudentManagementTest@384ad17b] output={null}]]]>
              </value>
            </param>
          </params>
          <reporter-output>
          </reporter-output>
        </test-method> <!-- tearDown -->
        <test-method is-config="true" signature="setUp()[pri:0, instance:net.fernandosalas.tests.StudentManagementTest@384ad17b]" started-at="2026-06-25T14:53:58 ICT" name="setUp" finished-at="2026-06-25T14:53:59 ICT" duration-ms="936" status="PASS">
          <reporter-output>
          </reporter-output>
        </test-method> <!-- setUp -->
        <test-method signature="executeFieldValidationCases(java.lang.String,java.lang.String,java.lang.String,java.lang.String)[pri:0, instance:net.fernandosalas.tests.StudentManagementTest@384ad17b]" started-at="2026-06-25T14:53:59 ICT" name="executeFieldValidationCases" description="TC_ADD_17 ~ 33 (Trừ Email): Kiểm tra validation độ dài, ký tự đặc biệt và bảo mật XSS" data-provider="fieldValidationData" finished-at="2026-06-25T14:54:11 ICT" duration-ms="11471" status="FAIL">
          <params>
            <param index="0">
              <value>
                <![CDATA[TC_ADD_17]]>
              </value>
            </param>
            <param index="1">
              <value>
                <![CDATA[A]]>
              </value>
            </param>
            <param index="2">
              <value>
                <![CDATA[Nguyen]]>
              </value>
            </param>
            <param index="3">
              <value>
                <![CDATA[First Name must be at least 2 characters]]>
              </value>
            </param>
          </params>
          <exception class="org.openqa.selenium.TimeoutException">
            <message>
              <![CDATA[Expected condition failed: waiting for visibility of element located by By.cssSelector: .invalid-feedback (tried for 10 second(s) with 500 milliseconds interval)
Build info: version: '4.18.1', revision: 'b1d3319b48'
System info: os.name: 'Windows 10', os.arch: 'amd64', os.version: '10.0', java.version: '17.0.12'
Driver info: org.openqa.selenium.chrome.ChromeDriver
Capabilities {acceptInsecureCerts: false, browserName: chrome, browserVersion: 149.0.7827.116, chrome: {chromedriverVersion: 149.0.7827.155 (07b52360cc1..., userDataDir: C:\Users\admin\AppData\Loca...}, fedcm:accounts: true, goog:chromeOptions: {debuggerAddress: localhost:49874}, goog:processID: 4844, networkConnectionEnabled: false, pageLoadStrategy: normal, platformName: windows, proxy: Proxy(), se:cdp: ws://localhost:49874/devtoo..., se:cdpVersion: 149.0.7827.116, setWindowRect: true, strictFileInteractability: false, timeouts: {implicit: 0, pageLoad: 300000, script: 30000}, unhandledPromptBehavior: dismiss and notify, webauthn:extension:credBlob: true, webauthn:extension:largeBlob: true, webauthn:extension:minPinLength: true, webauthn:extension:prf: true, webauthn:virtualAuthenticators: true}
Session ID: 0269a681e639469670e908a020cd2fc0]]>
            </message>
            <full-stacktrace>
              <![CDATA[org.openqa.selenium.TimeoutException: Expected condition failed: waiting for visibility of element located by By.cssSelector: .invalid-feedback (tried for 10 second(s) with 500 milliseconds interval)
Build info: version: '4.18.1', revision: 'b1d3319b48'
System info: os.name: 'Windows 10', os.arch: 'amd64', os.version: '10.0', java.version: '17.0.12'
Driver info: org.openqa.selenium.chrome.ChromeDriver
Capabilities {acceptInsecureCerts: false, browserName: chrome, browserVersion: 149.0.7827.116, chrome: {chromedriverVersion: 149.0.7827.155 (07b52360cc1..., userDataDir: C:\Users\admin\AppData\Loca...}, fedcm:accounts: true, goog:chromeOptions: {debuggerAddress: localhost:49874}, goog:processID: 4844, networkConnectionEnabled: false, pageLoadStrategy: normal, platformName: windows, proxy: Proxy(), se:cdp: ws://localhost:49874/devtoo..., se:cdpVersion: 149.0.7827.116, setWindowRect: true, strictFileInteractability: false, timeouts: {implicit: 0, pageLoad: 300000, script: 30000}, unhandledPromptBehavior: dismiss and notify, webauthn:extension:credBlob: true, webauthn:extension:largeBlob: true, webauthn:extension:minPinLength: true, webauthn:extension:prf: true, webauthn:virtualAuthenticators: true}
Session ID: 0269a681e639469670e908a020cd2fc0
at org.openqa.selenium.support.ui.WebDriverWait.timeoutException(WebDriverWait.java:84)
at org.openqa.selenium.support.ui.FluentWait.until(FluentWait.java:228)
at net.fernandosalas.pages.StudentFormPage.getValidationErrorMessage(StudentFormPage.java:98)
at net.fernandosalas.tests.StudentManagementTest.executeFieldValidationCases(StudentManagementTest.java:224)
at java.base/jdk.internal.reflect.NativeMethodAccessorImpl.invoke0(Native Method)
at java.base/jdk.internal.reflect.NativeMethodAccessorImpl.invoke(NativeMethodAccessorImpl.java:77)
at java.base/jdk.internal.reflect.DelegatingMethodAccessorImpl.invoke(DelegatingMethodAccessorImpl.java:43)
at java.base/java.lang.reflect.Method.invoke(Method.java:568)
at org.testng.internal.invokers.MethodInvocationHelper.invokeMethod(MethodInvocationHelper.java:139)
at org.testng.internal.invokers.TestInvoker.invokeMethod(TestInvoker.java:664)
at org.testng.internal.invokers.TestInvoker.invokeTestMethod(TestInvoker.java:228)
at org.testng.internal.invokers.MethodRunner.runInSequence(MethodRunner.java:63)
at org.testng.internal.invokers.TestInvoker$MethodInvocationAgent.invoke(TestInvoker.java:961)
at org.testng.internal.invokers.TestInvoker.invokeTestMethods(TestInvoker.java:201)
at org.testng.internal.invokers.TestMethodWorker.invokeTestMethods(TestMethodWorker.java:148)
at org.testng.internal.invokers.TestMethodWorker.run(TestMethodWorker.java:128)
at java.base/java.util.ArrayList.forEach(ArrayList.java:1511)
at org.testng.TestRunner.privateRun(TestRunner.java:819)
at org.testng.TestRunner.run(TestRunner.java:619)
at org.testng.SuiteRunner.runTest(SuiteRunner.java:443)
at org.testng.SuiteRunner.runSequentially(SuiteRunner.java:437)
at org.testng.SuiteRunner.privateRun(SuiteRunner.java:397)
at org.testng.SuiteRunner.run(SuiteRunner.java:336)
at org.testng.SuiteRunnerWorker.runSuite(SuiteRunnerWorker.java:52)
at org.testng.SuiteRunnerWorker.run(SuiteRunnerWorker.java:95)
at org.testng.TestNG.runSuitesSequentially(TestNG.java:1301)
at org.testng.TestNG.runSuitesLocally(TestNG.java:1228)
at org.testng.TestNG.runSuites(TestNG.java:1134)
at org.testng.TestNG.run(TestNG.java:1101)
at org.apache.maven.surefire.testng.TestNGExecutor.run(TestNGExecutor.java:308)
at org.apache.maven.surefire.testng.TestNGXmlTestSuite.execute(TestNGXmlTestSuite.java:71)
at org.apache.maven.surefire.testng.TestNGProvider.invoke(TestNGProvider.java:113)
at org.apache.maven.surefire.booter.ForkedBooter.runSuitesInProcess(ForkedBooter.java:385)
at org.apache.maven.surefire.booter.ForkedBooter.execute(ForkedBooter.java:162)
at org.apache.maven.surefire.booter.ForkedBooter.run(ForkedBooter.java:507)
at org.apache.maven.surefire.booter.ForkedBooter.main(ForkedBooter.java:495)
]]>
            </full-stacktrace>
          </exception> <!-- org.openqa.selenium.TimeoutException -->
          <reporter-output>
          </reporter-output>
        </test-method> <!-- executeFieldValidationCases -->
        <test-method is-config="true" signature="tearDown(org.testng.ITestResult)[pri:0, instance:net.fernandosalas.tests.StudentManagementTest@384ad17b]" started-at="2026-06-25T14:54:11 ICT" name="tearDown" finished-at="2026-06-25T14:54:11 ICT" duration-ms="349" status="PASS">
          <params>
            <param index="0">
              <value>
                <![CDATA[[TestResult name=executeFieldValidationCases status=FAILURE method=StudentManagementTest.executeFieldValidationCases(java.lang.String,java.lang.String,java.lang.String,java.lang.String)[pri:0, instance:net.fernandosalas.tests.StudentManagementTest@384ad17b] output={null}]]]>
              </value>
            </param>
          </params>
          <reporter-output>
          </reporter-output>
        </test-method> <!-- tearDown -->
        <test-method is-config="true" signature="setUp()[pri:0, instance:net.fernandosalas.tests.StudentManagementTest@384ad17b]" started-at="2026-06-25T14:54:11 ICT" name="setUp" finished-at="2026-06-25T14:54:12 ICT" duration-ms="841" status="PASS">
          <reporter-output>
          </reporter-output>
        </test-method> <!-- setUp -->
        <test-method signature="executeFieldValidationCases(java.lang.String,java.lang.String,java.lang.String,java.lang.String)[pri:0, instance:net.fernandosalas.tests.StudentManagementTest@384ad17b]" started-at="2026-06-25T14:54:12 ICT" name="executeFieldValidationCases" description="TC_ADD_17 ~ 33 (Trừ Email): Kiểm tra validation độ dài, ký tự đặc biệt và bảo mật XSS" data-provider="fieldValidationData" finished-at="2026-06-25T14:54:24 ICT" duration-ms="11824" status="FAIL">
          <params>
            <param index="0">
              <value>
                <![CDATA[TC_ADD_20]]>
              </value>
            </param>
            <param index="1">
              <value>
                <![CDATA[AAAAAAAAAAAAAAAAAAAAAAAAAAAAAAAAAAAAAAAAAAAAAAAAAAAAAAAAAAAAAAAAAAAAAAAAAAAAAAAAAAAAAAAAAAAAAAAAAAAAAAAAAAAAAAAAAAAAAAAAAAAAAAAAAAAAAAAAAAAAAAAAAAAAAAAAAAAAAAAAAAAAAAAAAAAAAAAAAAAAAAAAAAAAAAAAAAAAAAAAAAAAAAAAAAAAAAAAAAAAAAAAAAAAAAAAAAAAAAAAAAAAAAAAAAAAAAAA]]>
              </value>
            </param>
            <param index="2">
              <value>
                <![CDATA[Nguyen]]>
              </value>
            </param>
            <param index="3">
              <value>
                <![CDATA[First Name must not exceed 255 characters]]>
              </value>
            </param>
          </params>
          <exception class="org.openqa.selenium.TimeoutException">
            <message>
              <![CDATA[Expected condition failed: waiting for visibility of element located by By.cssSelector: .invalid-feedback (tried for 10 second(s) with 500 milliseconds interval)
Build info: version: '4.18.1', revision: 'b1d3319b48'
System info: os.name: 'Windows 10', os.arch: 'amd64', os.version: '10.0', java.version: '17.0.12'
Driver info: org.openqa.selenium.chrome.ChromeDriver
Capabilities {acceptInsecureCerts: false, browserName: chrome, browserVersion: 149.0.7827.116, chrome: {chromedriverVersion: 149.0.7827.155 (07b52360cc1..., userDataDir: C:\Users\admin\AppData\Loca...}, fedcm:accounts: true, goog:chromeOptions: {debuggerAddress: localhost:49907}, goog:processID: 10624, networkConnectionEnabled: false, pageLoadStrategy: normal, platformName: windows, proxy: Proxy(), se:cdp: ws://localhost:49907/devtoo..., se:cdpVersion: 149.0.7827.116, setWindowRect: true, strictFileInteractability: false, timeouts: {implicit: 0, pageLoad: 300000, script: 30000}, unhandledPromptBehavior: dismiss and notify, webauthn:extension:credBlob: true, webauthn:extension:largeBlob: true, webauthn:extension:minPinLength: true, webauthn:extension:prf: true, webauthn:virtualAuthenticators: true}
Session ID: 57a7021ed534fd48352851a2736d0ab6]]>
            </message>
            <full-stacktrace>
              <![CDATA[org.openqa.selenium.TimeoutException: Expected condition failed: waiting for visibility of element located by By.cssSelector: .invalid-feedback (tried for 10 second(s) with 500 milliseconds interval)
Build info: version: '4.18.1', revision: 'b1d3319b48'
System info: os.name: 'Windows 10', os.arch: 'amd64', os.version: '10.0', java.version: '17.0.12'
Driver info: org.openqa.selenium.chrome.ChromeDriver
Capabilities {acceptInsecureCerts: false, browserName: chrome, browserVersion: 149.0.7827.116, chrome: {chromedriverVersion: 149.0.7827.155 (07b52360cc1..., userDataDir: C:\Users\admin\AppData\Loca...}, fedcm:accounts: true, goog:chromeOptions: {debuggerAddress: localhost:49907}, goog:processID: 10624, networkConnectionEnabled: false, pageLoadStrategy: normal, platformName: windows, proxy: Proxy(), se:cdp: ws://localhost:49907/devtoo..., se:cdpVersion: 149.0.7827.116, setWindowRect: true, strictFileInteractability: false, timeouts: {implicit: 0, pageLoad: 300000, script: 30000}, unhandledPromptBehavior: dismiss and notify, webauthn:extension:credBlob: true, webauthn:extension:largeBlob: true, webauthn:extension:minPinLength: true, webauthn:extension:prf: true, webauthn:virtualAuthenticators: true}
Session ID: 57a7021ed534fd48352851a2736d0ab6
at org.openqa.selenium.support.ui.WebDriverWait.timeoutException(WebDriverWait.java:84)
at org.openqa.selenium.support.ui.FluentWait.until(FluentWait.java:228)
at net.fernandosalas.pages.StudentFormPage.getValidationErrorMessage(StudentFormPage.java:98)
at net.fernandosalas.tests.StudentManagementTest.executeFieldValidationCases(StudentManagementTest.java:224)
at java.base/jdk.internal.reflect.NativeMethodAccessorImpl.invoke0(Native Method)
at java.base/jdk.internal.reflect.NativeMethodAccessorImpl.invoke(NativeMethodAccessorImpl.java:77)
at java.base/jdk.internal.reflect.DelegatingMethodAccessorImpl.invoke(DelegatingMethodAccessorImpl.java:43)
at java.base/java.lang.reflect.Method.invoke(Method.java:568)
at org.testng.internal.invokers.MethodInvocationHelper.invokeMethod(MethodInvocationHelper.java:139)
at org.testng.internal.invokers.TestInvoker.invokeMethod(TestInvoker.java:664)
at org.testng.internal.invokers.TestInvoker.invokeTestMethod(TestInvoker.java:228)
at org.testng.internal.invokers.MethodRunner.runInSequence(MethodRunner.java:63)
at org.testng.internal.invokers.TestInvoker$MethodInvocationAgent.invoke(TestInvoker.java:961)
at org.testng.internal.invokers.TestInvoker.invokeTestMethods(TestInvoker.java:201)
at org.testng.internal.invokers.TestMethodWorker.invokeTestMethods(TestMethodWorker.java:148)
at org.testng.internal.invokers.TestMethodWorker.run(TestMethodWorker.java:128)
at java.base/java.util.ArrayList.forEach(ArrayList.java:1511)
at org.testng.TestRunner.privateRun(TestRunner.java:819)
at org.testng.TestRunner.run(TestRunner.java:619)
at org.testng.SuiteRunner.runTest(SuiteRunner.java:443)
at org.testng.SuiteRunner.runSequentially(SuiteRunner.java:437)
at org.testng.SuiteRunner.privateRun(SuiteRunner.java:397)
at org.testng.SuiteRunner.run(SuiteRunner.java:336)
at org.testng.SuiteRunnerWorker.runSuite(SuiteRunnerWorker.java:52)
at org.testng.SuiteRunnerWorker.run(SuiteRunnerWorker.java:95)
at org.testng.TestNG.runSuitesSequentially(TestNG.java:1301)
at org.testng.TestNG.runSuitesLocally(TestNG.java:1228)
at org.testng.TestNG.runSuites(TestNG.java:1134)
at org.testng.TestNG.run(TestNG.java:1101)
at org.apache.maven.surefire.testng.TestNGExecutor.run(TestNGExecutor.java:308)
at org.apache.maven.surefire.testng.TestNGXmlTestSuite.execute(TestNGXmlTestSuite.java:71)
at org.apache.maven.surefire.testng.TestNGProvider.invoke(TestNGProvider.java:113)
at org.apache.maven.surefire.booter.ForkedBooter.runSuitesInProcess(ForkedBooter.java:385)
at org.apache.maven.surefire.booter.ForkedBooter.execute(ForkedBooter.java:162)
at org.apache.maven.surefire.booter.ForkedBooter.run(ForkedBooter.java:507)
at org.apache.maven.surefire.booter.ForkedBooter.main(ForkedBooter.java:495)
]]>
            </full-stacktrace>
          </exception> <!-- org.openqa.selenium.TimeoutException -->
          <reporter-output>
          </reporter-output>
        </test-method> <!-- executeFieldValidationCases -->
        <test-method is-config="true" signature="tearDown(org.testng.ITestResult)[pri:0, instance:net.fernandosalas.tests.StudentManagementTest@384ad17b]" started-at="2026-06-25T14:54:24 ICT" name="tearDown" finished-at="2026-06-25T14:54:24 ICT" duration-ms="499" status="PASS">
          <params>
            <param index="0">
              <value>
                <![CDATA[[TestResult name=executeFieldValidationCases status=FAILURE method=StudentManagementTest.executeFieldValidationCases(java.lang.String,java.lang.String,java.lang.String,java.lang.String)[pri:0, instance:net.fernandosalas.tests.StudentManagementTest@384ad17b] output={null}]]]>
              </value>
            </param>
          </params>
          <reporter-output>
          </reporter-output>
        </test-method> <!-- tearDown -->
        <test-method is-config="true" signature="setUp()[pri:0, instance:net.fernandosalas.tests.StudentManagementTest@384ad17b]" started-at="2026-06-25T14:54:24 ICT" name="setUp" finished-at="2026-06-25T14:54:25 ICT" duration-ms="820" status="PASS">
          <reporter-output>
          </reporter-output>
        </test-method> <!-- setUp -->
        <test-method signature="executeFieldValidationCases(java.lang.String,java.lang.String,java.lang.String,java.lang.String)[pri:0, instance:net.fernandosalas.tests.StudentManagementTest@384ad17b]" started-at="2026-06-25T14:54:25 ICT" name="executeFieldValidationCases" description="TC_ADD_17 ~ 33 (Trừ Email): Kiểm tra validation độ dài, ký tự đặc biệt và bảo mật XSS" data-provider="fieldValidationData" finished-at="2026-06-25T14:54:37 ICT" duration-ms="11525" status="FAIL">
          <params>
            <param index="0">
              <value>
                <![CDATA[TC_ADD_21]]>
              </value>
            </param>
            <param index="1">
              <value>
                <![CDATA[Nguyen]]>
              </value>
            </param>
            <param index="2">
              <value>
                <![CDATA[B]]>
              </value>
            </param>
            <param index="3">
              <value>
                <![CDATA[Last Name must be at least 2 characters]]>
              </value>
            </param>
          </params>
          <exception class="org.openqa.selenium.TimeoutException">
            <message>
              <![CDATA[Expected condition failed: waiting for visibility of element located by By.cssSelector: .invalid-feedback (tried for 10 second(s) with 500 milliseconds interval)
Build info: version: '4.18.1', revision: 'b1d3319b48'
System info: os.name: 'Windows 10', os.arch: 'amd64', os.version: '10.0', java.version: '17.0.12'
Driver info: org.openqa.selenium.chrome.ChromeDriver
Capabilities {acceptInsecureCerts: false, browserName: chrome, browserVersion: 149.0.7827.116, chrome: {chromedriverVersion: 149.0.7827.155 (07b52360cc1..., userDataDir: C:\Users\admin\AppData\Loca...}, fedcm:accounts: true, goog:chromeOptions: {debuggerAddress: localhost:49945}, goog:processID: 6428, networkConnectionEnabled: false, pageLoadStrategy: normal, platformName: windows, proxy: Proxy(), se:cdp: ws://localhost:49945/devtoo..., se:cdpVersion: 149.0.7827.116, setWindowRect: true, strictFileInteractability: false, timeouts: {implicit: 0, pageLoad: 300000, script: 30000}, unhandledPromptBehavior: dismiss and notify, webauthn:extension:credBlob: true, webauthn:extension:largeBlob: true, webauthn:extension:minPinLength: true, webauthn:extension:prf: true, webauthn:virtualAuthenticators: true}
Session ID: 6ccde7839555359248c2eb7ee42dd90d]]>
            </message>
            <full-stacktrace>
              <![CDATA[org.openqa.selenium.TimeoutException: Expected condition failed: waiting for visibility of element located by By.cssSelector: .invalid-feedback (tried for 10 second(s) with 500 milliseconds interval)
Build info: version: '4.18.1', revision: 'b1d3319b48'
System info: os.name: 'Windows 10', os.arch: 'amd64', os.version: '10.0', java.version: '17.0.12'
Driver info: org.openqa.selenium.chrome.ChromeDriver
Capabilities {acceptInsecureCerts: false, browserName: chrome, browserVersion: 149.0.7827.116, chrome: {chromedriverVersion: 149.0.7827.155 (07b52360cc1..., userDataDir: C:\Users\admin\AppData\Loca...}, fedcm:accounts: true, goog:chromeOptions: {debuggerAddress: localhost:49945}, goog:processID: 6428, networkConnectionEnabled: false, pageLoadStrategy: normal, platformName: windows, proxy: Proxy(), se:cdp: ws://localhost:49945/devtoo..., se:cdpVersion: 149.0.7827.116, setWindowRect: true, strictFileInteractability: false, timeouts: {implicit: 0, pageLoad: 300000, script: 30000}, unhandledPromptBehavior: dismiss and notify, webauthn:extension:credBlob: true, webauthn:extension:largeBlob: true, webauthn:extension:minPinLength: true, webauthn:extension:prf: true, webauthn:virtualAuthenticators: true}
Session ID: 6ccde7839555359248c2eb7ee42dd90d
at org.openqa.selenium.support.ui.WebDriverWait.timeoutException(WebDriverWait.java:84)
at org.openqa.selenium.support.ui.FluentWait.until(FluentWait.java:228)
at net.fernandosalas.pages.StudentFormPage.getValidationErrorMessage(StudentFormPage.java:98)
at net.fernandosalas.tests.StudentManagementTest.executeFieldValidationCases(StudentManagementTest.java:224)
at java.base/jdk.internal.reflect.NativeMethodAccessorImpl.invoke0(Native Method)
at java.base/jdk.internal.reflect.NativeMethodAccessorImpl.invoke(NativeMethodAccessorImpl.java:77)
at java.base/jdk.internal.reflect.DelegatingMethodAccessorImpl.invoke(DelegatingMethodAccessorImpl.java:43)
at java.base/java.lang.reflect.Method.invoke(Method.java:568)
at org.testng.internal.invokers.MethodInvocationHelper.invokeMethod(MethodInvocationHelper.java:139)
at org.testng.internal.invokers.TestInvoker.invokeMethod(TestInvoker.java:664)
at org.testng.internal.invokers.TestInvoker.invokeTestMethod(TestInvoker.java:228)
at org.testng.internal.invokers.MethodRunner.runInSequence(MethodRunner.java:63)
at org.testng.internal.invokers.TestInvoker$MethodInvocationAgent.invoke(TestInvoker.java:961)
at org.testng.internal.invokers.TestInvoker.invokeTestMethods(TestInvoker.java:201)
at org.testng.internal.invokers.TestMethodWorker.invokeTestMethods(TestMethodWorker.java:148)
at org.testng.internal.invokers.TestMethodWorker.run(TestMethodWorker.java:128)
at java.base/java.util.ArrayList.forEach(ArrayList.java:1511)
at org.testng.TestRunner.privateRun(TestRunner.java:819)
at org.testng.TestRunner.run(TestRunner.java:619)
at org.testng.SuiteRunner.runTest(SuiteRunner.java:443)
at org.testng.SuiteRunner.runSequentially(SuiteRunner.java:437)
at org.testng.SuiteRunner.privateRun(SuiteRunner.java:397)
at org.testng.SuiteRunner.run(SuiteRunner.java:336)
at org.testng.SuiteRunnerWorker.runSuite(SuiteRunnerWorker.java:52)
at org.testng.SuiteRunnerWorker.run(SuiteRunnerWorker.java:95)
at org.testng.TestNG.runSuitesSequentially(TestNG.java:1301)
at org.testng.TestNG.runSuitesLocally(TestNG.java:1228)
at org.testng.TestNG.runSuites(TestNG.java:1134)
at org.testng.TestNG.run(TestNG.java:1101)
at org.apache.maven.surefire.testng.TestNGExecutor.run(TestNGExecutor.java:308)
at org.apache.maven.surefire.testng.TestNGXmlTestSuite.execute(TestNGXmlTestSuite.java:71)
at org.apache.maven.surefire.testng.TestNGProvider.invoke(TestNGProvider.java:113)
at org.apache.maven.surefire.booter.ForkedBooter.runSuitesInProcess(ForkedBooter.java:385)
at org.apache.maven.surefire.booter.ForkedBooter.execute(ForkedBooter.java:162)
at org.apache.maven.surefire.booter.ForkedBooter.run(ForkedBooter.java:507)
at org.apache.maven.surefire.booter.ForkedBooter.main(ForkedBooter.java:495)
]]>
            </full-stacktrace>
          </exception> <!-- org.openqa.selenium.TimeoutException -->
          <reporter-output>
          </reporter-output>
        </test-method> <!-- executeFieldValidationCases -->
        <test-method is-config="true" signature="tearDown(org.testng.ITestResult)[pri:0, instance:net.fernandosalas.tests.StudentManagementTest@384ad17b]" started-at="2026-06-25T14:54:37 ICT" name="tearDown" finished-at="2026-06-25T14:54:37 ICT" duration-ms="304" status="PASS">
          <params>
            <param index="0">
              <value>
                <![CDATA[[TestResult name=executeFieldValidationCases status=FAILURE method=StudentManagementTest.executeFieldValidationCases(java.lang.String,java.lang.String,java.lang.String,java.lang.String)[pri:0, instance:net.fernandosalas.tests.StudentManagementTest@384ad17b] output={null}]]]>
              </value>
            </param>
          </params>
          <reporter-output>
          </reporter-output>
        </test-method> <!-- tearDown -->
        <test-method is-config="true" signature="setUp()[pri:0, instance:net.fernandosalas.tests.StudentManagementTest@384ad17b]" started-at="2026-06-25T14:54:37 ICT" name="setUp" finished-at="2026-06-25T14:54:38 ICT" duration-ms="807" status="PASS">
          <reporter-output>
          </reporter-output>
        </test-method> <!-- setUp -->
        <test-method signature="executeFieldValidationCases(java.lang.String,java.lang.String,java.lang.String,java.lang.String)[pri:0, instance:net.fernandosalas.tests.StudentManagementTest@384ad17b]" started-at="2026-06-25T14:54:38 ICT" name="executeFieldValidationCases" description="TC_ADD_17 ~ 33 (Trừ Email): Kiểm tra validation độ dài, ký tự đặc biệt và bảo mật XSS" data-provider="fieldValidationData" finished-at="2026-06-25T14:54:50 ICT" duration-ms="11912" status="FAIL">
          <params>
            <param index="0">
              <value>
                <![CDATA[TC_ADD_23]]>
              </value>
            </param>
            <param index="1">
              <value>
                <![CDATA[Nguyen]]>
              </value>
            </param>
            <param index="2">
              <value>
                <![CDATA[BBBBBBBBBBBBBBBBBBBBBBBBBBBBBBBBBBBBBBBBBBBBBBBBBBBBBBBBBBBBBBBBBBBBBBBBBBBBBBBBBBBBBBBBBBBBBBBBBBBBBBBBBBBBBBBBBBBBBBBBBBBBBBBBBBBBBBBBBBBBBBBBBBBBBBBBBBBBBBBBBBBBBBBBBBBBBBBBBBBBBBBBBBBBBBBBBBBBBBBBBBBBBBBBBBBBBBBBBBBBBBBBBBBBBBBBBBBBBBBBBBBBBBBBBBBBBBBB]]>
              </value>
            </param>
            <param index="3">
              <value>
                <![CDATA[Last Name must not exceed 255 characters]]>
              </value>
            </param>
          </params>
          <exception class="org.openqa.selenium.TimeoutException">
            <message>
              <![CDATA[Expected condition failed: waiting for visibility of element located by By.cssSelector: .invalid-feedback (tried for 10 second(s) with 500 milliseconds interval)
Build info: version: '4.18.1', revision: 'b1d3319b48'
System info: os.name: 'Windows 10', os.arch: 'amd64', os.version: '10.0', java.version: '17.0.12'
Driver info: org.openqa.selenium.chrome.ChromeDriver
Capabilities {acceptInsecureCerts: false, browserName: chrome, browserVersion: 149.0.7827.116, chrome: {chromedriverVersion: 149.0.7827.155 (07b52360cc1..., userDataDir: C:\Users\admin\AppData\Loca...}, fedcm:accounts: true, goog:chromeOptions: {debuggerAddress: localhost:49980}, goog:processID: 11908, networkConnectionEnabled: false, pageLoadStrategy: normal, platformName: windows, proxy: Proxy(), se:cdp: ws://localhost:49980/devtoo..., se:cdpVersion: 149.0.7827.116, setWindowRect: true, strictFileInteractability: false, timeouts: {implicit: 0, pageLoad: 300000, script: 30000}, unhandledPromptBehavior: dismiss and notify, webauthn:extension:credBlob: true, webauthn:extension:largeBlob: true, webauthn:extension:minPinLength: true, webauthn:extension:prf: true, webauthn:virtualAuthenticators: true}
Session ID: a22a732f22691eba2d4cfd8f80ce0e3b]]>
            </message>
            <full-stacktrace>
              <![CDATA[org.openqa.selenium.TimeoutException: Expected condition failed: waiting for visibility of element located by By.cssSelector: .invalid-feedback (tried for 10 second(s) with 500 milliseconds interval)
Build info: version: '4.18.1', revision: 'b1d3319b48'
System info: os.name: 'Windows 10', os.arch: 'amd64', os.version: '10.0', java.version: '17.0.12'
Driver info: org.openqa.selenium.chrome.ChromeDriver
Capabilities {acceptInsecureCerts: false, browserName: chrome, browserVersion: 149.0.7827.116, chrome: {chromedriverVersion: 149.0.7827.155 (07b52360cc1..., userDataDir: C:\Users\admin\AppData\Loca...}, fedcm:accounts: true, goog:chromeOptions: {debuggerAddress: localhost:49980}, goog:processID: 11908, networkConnectionEnabled: false, pageLoadStrategy: normal, platformName: windows, proxy: Proxy(), se:cdp: ws://localhost:49980/devtoo..., se:cdpVersion: 149.0.7827.116, setWindowRect: true, strictFileInteractability: false, timeouts: {implicit: 0, pageLoad: 300000, script: 30000}, unhandledPromptBehavior: dismiss and notify, webauthn:extension:credBlob: true, webauthn:extension:largeBlob: true, webauthn:extension:minPinLength: true, webauthn:extension:prf: true, webauthn:virtualAuthenticators: true}
Session ID: a22a732f22691eba2d4cfd8f80ce0e3b
at org.openqa.selenium.support.ui.WebDriverWait.timeoutException(WebDriverWait.java:84)
at org.openqa.selenium.support.ui.FluentWait.until(FluentWait.java:228)
at net.fernandosalas.pages.StudentFormPage.getValidationErrorMessage(StudentFormPage.java:98)
at net.fernandosalas.tests.StudentManagementTest.executeFieldValidationCases(StudentManagementTest.java:224)
at java.base/jdk.internal.reflect.NativeMethodAccessorImpl.invoke0(Native Method)
at java.base/jdk.internal.reflect.NativeMethodAccessorImpl.invoke(NativeMethodAccessorImpl.java:77)
at java.base/jdk.internal.reflect.DelegatingMethodAccessorImpl.invoke(DelegatingMethodAccessorImpl.java:43)
at java.base/java.lang.reflect.Method.invoke(Method.java:568)
at org.testng.internal.invokers.MethodInvocationHelper.invokeMethod(MethodInvocationHelper.java:139)
at org.testng.internal.invokers.TestInvoker.invokeMethod(TestInvoker.java:664)
at org.testng.internal.invokers.TestInvoker.invokeTestMethod(TestInvoker.java:228)
at org.testng.internal.invokers.MethodRunner.runInSequence(MethodRunner.java:63)
at org.testng.internal.invokers.TestInvoker$MethodInvocationAgent.invoke(TestInvoker.java:961)
at org.testng.internal.invokers.TestInvoker.invokeTestMethods(TestInvoker.java:201)
at org.testng.internal.invokers.TestMethodWorker.invokeTestMethods(TestMethodWorker.java:148)
at org.testng.internal.invokers.TestMethodWorker.run(TestMethodWorker.java:128)
at java.base/java.util.ArrayList.forEach(ArrayList.java:1511)
at org.testng.TestRunner.privateRun(TestRunner.java:819)
at org.testng.TestRunner.run(TestRunner.java:619)
at org.testng.SuiteRunner.runTest(SuiteRunner.java:443)
at org.testng.SuiteRunner.runSequentially(SuiteRunner.java:437)
at org.testng.SuiteRunner.privateRun(SuiteRunner.java:397)
at org.testng.SuiteRunner.run(SuiteRunner.java:336)
at org.testng.SuiteRunnerWorker.runSuite(SuiteRunnerWorker.java:52)
at org.testng.SuiteRunnerWorker.run(SuiteRunnerWorker.java:95)
at org.testng.TestNG.runSuitesSequentially(TestNG.java:1301)
at org.testng.TestNG.runSuitesLocally(TestNG.java:1228)
at org.testng.TestNG.runSuites(TestNG.java:1134)
at org.testng.TestNG.run(TestNG.java:1101)
at org.apache.maven.surefire.testng.TestNGExecutor.run(TestNGExecutor.java:308)
at org.apache.maven.surefire.testng.TestNGXmlTestSuite.execute(TestNGXmlTestSuite.java:71)
at org.apache.maven.surefire.testng.TestNGProvider.invoke(TestNGProvider.java:113)
at org.apache.maven.surefire.booter.ForkedBooter.runSuitesInProcess(ForkedBooter.java:385)
at org.apache.maven.surefire.booter.ForkedBooter.execute(ForkedBooter.java:162)
at org.apache.maven.surefire.booter.ForkedBooter.run(ForkedBooter.java:507)
at org.apache.maven.surefire.booter.ForkedBooter.main(ForkedBooter.java:495)
]]>
            </full-stacktrace>
          </exception> <!-- org.openqa.selenium.TimeoutException -->
          <reporter-output>
          </reporter-output>
        </test-method> <!-- executeFieldValidationCases -->
        <test-method is-config="true" signature="tearDown(org.testng.ITestResult)[pri:0, instance:net.fernandosalas.tests.StudentManagementTest@384ad17b]" started-at="2026-06-25T14:54:50 ICT" name="tearDown" finished-at="2026-06-25T14:54:50 ICT" duration-ms="342" status="PASS">
          <params>
            <param index="0">
              <value>
                <![CDATA[[TestResult name=executeFieldValidationCases status=FAILURE method=StudentManagementTest.executeFieldValidationCases(java.lang.String,java.lang.String,java.lang.String,java.lang.String)[pri:0, instance:net.fernandosalas.tests.StudentManagementTest@384ad17b] output={null}]]]>
              </value>
            </param>
          </params>
          <reporter-output>
          </reporter-output>
        </test-method> <!-- tearDown -->
        <test-method is-config="true" signature="setUp()[pri:0, instance:net.fernandosalas.tests.StudentManagementTest@384ad17b]" started-at="2026-06-25T14:54:50 ICT" name="setUp" finished-at="2026-06-25T14:54:51 ICT" duration-ms="936" status="PASS">
          <reporter-output>
          </reporter-output>
        </test-method> <!-- setUp -->
        <test-method signature="executeFieldValidationCases(java.lang.String,java.lang.String,java.lang.String,java.lang.String)[pri:0, instance:net.fernandosalas.tests.StudentManagementTest@384ad17b]" started-at="2026-06-25T14:54:51 ICT" name="executeFieldValidationCases" description="TC_ADD_17 ~ 33 (Trừ Email): Kiểm tra validation độ dài, ký tự đặc biệt và bảo mật XSS" data-provider="fieldValidationData" finished-at="2026-06-25T14:55:02 ICT" duration-ms="11455" status="FAIL">
          <params>
            <param index="0">
              <value>
                <![CDATA[TC_ADD_24]]>
              </value>
            </param>
            <param index="1">
              <value>
                <![CDATA[Nguyen@#]]>
              </value>
            </param>
            <param index="2">
              <value>
                <![CDATA[Van A]]>
              </value>
            </param>
            <param index="3">
              <value>
                <![CDATA[First Name cannot contain special characters]]>
              </value>
            </param>
          </params>
          <exception class="org.openqa.selenium.TimeoutException">
            <message>
              <![CDATA[Expected condition failed: waiting for visibility of element located by By.cssSelector: .invalid-feedback (tried for 10 second(s) with 500 milliseconds interval)
Build info: version: '4.18.1', revision: 'b1d3319b48'
System info: os.name: 'Windows 10', os.arch: 'amd64', os.version: '10.0', java.version: '17.0.12'
Driver info: org.openqa.selenium.chrome.ChromeDriver
Capabilities {acceptInsecureCerts: false, browserName: chrome, browserVersion: 149.0.7827.116, chrome: {chromedriverVersion: 149.0.7827.155 (07b52360cc1..., userDataDir: C:\Users\admin\AppData\Loca...}, fedcm:accounts: true, goog:chromeOptions: {debuggerAddress: localhost:50012}, goog:processID: 10404, networkConnectionEnabled: false, pageLoadStrategy: normal, platformName: windows, proxy: Proxy(), se:cdp: ws://localhost:50012/devtoo..., se:cdpVersion: 149.0.7827.116, setWindowRect: true, strictFileInteractability: false, timeouts: {implicit: 0, pageLoad: 300000, script: 30000}, unhandledPromptBehavior: dismiss and notify, webauthn:extension:credBlob: true, webauthn:extension:largeBlob: true, webauthn:extension:minPinLength: true, webauthn:extension:prf: true, webauthn:virtualAuthenticators: true}
Session ID: 9c64bc7701000447665801d604796f21]]>
            </message>
            <full-stacktrace>
              <![CDATA[org.openqa.selenium.TimeoutException: Expected condition failed: waiting for visibility of element located by By.cssSelector: .invalid-feedback (tried for 10 second(s) with 500 milliseconds interval)
Build info: version: '4.18.1', revision: 'b1d3319b48'
System info: os.name: 'Windows 10', os.arch: 'amd64', os.version: '10.0', java.version: '17.0.12'
Driver info: org.openqa.selenium.chrome.ChromeDriver
Capabilities {acceptInsecureCerts: false, browserName: chrome, browserVersion: 149.0.7827.116, chrome: {chromedriverVersion: 149.0.7827.155 (07b52360cc1..., userDataDir: C:\Users\admin\AppData\Loca...}, fedcm:accounts: true, goog:chromeOptions: {debuggerAddress: localhost:50012}, goog:processID: 10404, networkConnectionEnabled: false, pageLoadStrategy: normal, platformName: windows, proxy: Proxy(), se:cdp: ws://localhost:50012/devtoo..., se:cdpVersion: 149.0.7827.116, setWindowRect: true, strictFileInteractability: false, timeouts: {implicit: 0, pageLoad: 300000, script: 30000}, unhandledPromptBehavior: dismiss and notify, webauthn:extension:credBlob: true, webauthn:extension:largeBlob: true, webauthn:extension:minPinLength: true, webauthn:extension:prf: true, webauthn:virtualAuthenticators: true}
Session ID: 9c64bc7701000447665801d604796f21
at org.openqa.selenium.support.ui.WebDriverWait.timeoutException(WebDriverWait.java:84)
at org.openqa.selenium.support.ui.FluentWait.until(FluentWait.java:228)
at net.fernandosalas.pages.StudentFormPage.getValidationErrorMessage(StudentFormPage.java:98)
at net.fernandosalas.tests.StudentManagementTest.executeFieldValidationCases(StudentManagementTest.java:224)
at java.base/jdk.internal.reflect.NativeMethodAccessorImpl.invoke0(Native Method)
at java.base/jdk.internal.reflect.NativeMethodAccessorImpl.invoke(NativeMethodAccessorImpl.java:77)
at java.base/jdk.internal.reflect.DelegatingMethodAccessorImpl.invoke(DelegatingMethodAccessorImpl.java:43)
at java.base/java.lang.reflect.Method.invoke(Method.java:568)
at org.testng.internal.invokers.MethodInvocationHelper.invokeMethod(MethodInvocationHelper.java:139)
at org.testng.internal.invokers.TestInvoker.invokeMethod(TestInvoker.java:664)
at org.testng.internal.invokers.TestInvoker.invokeTestMethod(TestInvoker.java:228)
at org.testng.internal.invokers.MethodRunner.runInSequence(MethodRunner.java:63)
at org.testng.internal.invokers.TestInvoker$MethodInvocationAgent.invoke(TestInvoker.java:961)
at org.testng.internal.invokers.TestInvoker.invokeTestMethods(TestInvoker.java:201)
at org.testng.internal.invokers.TestMethodWorker.invokeTestMethods(TestMethodWorker.java:148)
at org.testng.internal.invokers.TestMethodWorker.run(TestMethodWorker.java:128)
at java.base/java.util.ArrayList.forEach(ArrayList.java:1511)
at org.testng.TestRunner.privateRun(TestRunner.java:819)
at org.testng.TestRunner.run(TestRunner.java:619)
at org.testng.SuiteRunner.runTest(SuiteRunner.java:443)
at org.testng.SuiteRunner.runSequentially(SuiteRunner.java:437)
at org.testng.SuiteRunner.privateRun(SuiteRunner.java:397)
at org.testng.SuiteRunner.run(SuiteRunner.java:336)
at org.testng.SuiteRunnerWorker.runSuite(SuiteRunnerWorker.java:52)
at org.testng.SuiteRunnerWorker.run(SuiteRunnerWorker.java:95)
at org.testng.TestNG.runSuitesSequentially(TestNG.java:1301)
at org.testng.TestNG.runSuitesLocally(TestNG.java:1228)
at org.testng.TestNG.runSuites(TestNG.java:1134)
at org.testng.TestNG.run(TestNG.java:1101)
at org.apache.maven.surefire.testng.TestNGExecutor.run(TestNGExecutor.java:308)
at org.apache.maven.surefire.testng.TestNGXmlTestSuite.execute(TestNGXmlTestSuite.java:71)
at org.apache.maven.surefire.testng.TestNGProvider.invoke(TestNGProvider.java:113)
at org.apache.maven.surefire.booter.ForkedBooter.runSuitesInProcess(ForkedBooter.java:385)
at org.apache.maven.surefire.booter.ForkedBooter.execute(ForkedBooter.java:162)
at org.apache.maven.surefire.booter.ForkedBooter.run(ForkedBooter.java:507)
at org.apache.maven.surefire.booter.ForkedBooter.main(ForkedBooter.java:495)
]]>
            </full-stacktrace>
          </exception> <!-- org.openqa.selenium.TimeoutException -->
          <reporter-output>
          </reporter-output>
        </test-method> <!-- executeFieldValidationCases -->
        <test-method is-config="true" signature="tearDown(org.testng.ITestResult)[pri:0, instance:net.fernandosalas.tests.StudentManagementTest@384ad17b]" started-at="2026-06-25T14:55:02 ICT" name="tearDown" finished-at="2026-06-25T14:55:03 ICT" duration-ms="304" status="PASS">
          <params>
            <param index="0">
              <value>
                <![CDATA[[TestResult name=executeFieldValidationCases status=FAILURE method=StudentManagementTest.executeFieldValidationCases(java.lang.String,java.lang.String,java.lang.String,java.lang.String)[pri:0, instance:net.fernandosalas.tests.StudentManagementTest@384ad17b] output={null}]]]>
              </value>
            </param>
          </params>
          <reporter-output>
          </reporter-output>
        </test-method> <!-- tearDown -->
        <test-method is-config="true" signature="setUp()[pri:0, instance:net.fernandosalas.tests.StudentManagementTest@384ad17b]" started-at="2026-06-25T14:55:03 ICT" name="setUp" finished-at="2026-06-25T14:55:04 ICT" duration-ms="854" status="PASS">
          <reporter-output>
          </reporter-output>
        </test-method> <!-- setUp -->
        <test-method signature="executeFieldValidationCases(java.lang.String,java.lang.String,java.lang.String,java.lang.String)[pri:0, instance:net.fernandosalas.tests.StudentManagementTest@384ad17b]" started-at="2026-06-25T14:55:04 ICT" name="executeFieldValidationCases" description="TC_ADD_17 ~ 33 (Trừ Email): Kiểm tra validation độ dài, ký tự đặc biệt và bảo mật XSS" data-provider="fieldValidationData" finished-at="2026-06-25T14:55:15 ICT" duration-ms="11434" status="FAIL">
          <params>
            <param index="0">
              <value>
                <![CDATA[TC_ADD_25]]>
              </value>
            </param>
            <param index="1">
              <value>
                <![CDATA[Nguyen]]>
              </value>
            </param>
            <param index="2">
              <value>
                <![CDATA[Van A*]]>
              </value>
            </param>
            <param index="3">
              <value>
                <![CDATA[Last Name cannot contain special characters]]>
              </value>
            </param>
          </params>
          <exception class="org.openqa.selenium.TimeoutException">
            <message>
              <![CDATA[Expected condition failed: waiting for visibility of element located by By.cssSelector: .invalid-feedback (tried for 10 second(s) with 500 milliseconds interval)
Build info: version: '4.18.1', revision: 'b1d3319b48'
System info: os.name: 'Windows 10', os.arch: 'amd64', os.version: '10.0', java.version: '17.0.12'
Driver info: org.openqa.selenium.chrome.ChromeDriver
Capabilities {acceptInsecureCerts: false, browserName: chrome, browserVersion: 149.0.7827.116, chrome: {chromedriverVersion: 149.0.7827.155 (07b52360cc1..., userDataDir: C:\Users\admin\AppData\Loca...}, fedcm:accounts: true, goog:chromeOptions: {debuggerAddress: localhost:50052}, goog:processID: 20048, networkConnectionEnabled: false, pageLoadStrategy: normal, platformName: windows, proxy: Proxy(), se:cdp: ws://localhost:50052/devtoo..., se:cdpVersion: 149.0.7827.116, setWindowRect: true, strictFileInteractability: false, timeouts: {implicit: 0, pageLoad: 300000, script: 30000}, unhandledPromptBehavior: dismiss and notify, webauthn:extension:credBlob: true, webauthn:extension:largeBlob: true, webauthn:extension:minPinLength: true, webauthn:extension:prf: true, webauthn:virtualAuthenticators: true}
Session ID: c4a8dbbdccf7b36bba8bdb22eca3bc5d]]>
            </message>
            <full-stacktrace>
              <![CDATA[org.openqa.selenium.TimeoutException: Expected condition failed: waiting for visibility of element located by By.cssSelector: .invalid-feedback (tried for 10 second(s) with 500 milliseconds interval)
Build info: version: '4.18.1', revision: 'b1d3319b48'
System info: os.name: 'Windows 10', os.arch: 'amd64', os.version: '10.0', java.version: '17.0.12'
Driver info: org.openqa.selenium.chrome.ChromeDriver
Capabilities {acceptInsecureCerts: false, browserName: chrome, browserVersion: 149.0.7827.116, chrome: {chromedriverVersion: 149.0.7827.155 (07b52360cc1..., userDataDir: C:\Users\admin\AppData\Loca...}, fedcm:accounts: true, goog:chromeOptions: {debuggerAddress: localhost:50052}, goog:processID: 20048, networkConnectionEnabled: false, pageLoadStrategy: normal, platformName: windows, proxy: Proxy(), se:cdp: ws://localhost:50052/devtoo..., se:cdpVersion: 149.0.7827.116, setWindowRect: true, strictFileInteractability: false, timeouts: {implicit: 0, pageLoad: 300000, script: 30000}, unhandledPromptBehavior: dismiss and notify, webauthn:extension:credBlob: true, webauthn:extension:largeBlob: true, webauthn:extension:minPinLength: true, webauthn:extension:prf: true, webauthn:virtualAuthenticators: true}
Session ID: c4a8dbbdccf7b36bba8bdb22eca3bc5d
at org.openqa.selenium.support.ui.WebDriverWait.timeoutException(WebDriverWait.java:84)
at org.openqa.selenium.support.ui.FluentWait.until(FluentWait.java:228)
at net.fernandosalas.pages.StudentFormPage.getValidationErrorMessage(StudentFormPage.java:98)
at net.fernandosalas.tests.StudentManagementTest.executeFieldValidationCases(StudentManagementTest.java:224)
at java.base/jdk.internal.reflect.NativeMethodAccessorImpl.invoke0(Native Method)
at java.base/jdk.internal.reflect.NativeMethodAccessorImpl.invoke(NativeMethodAccessorImpl.java:77)
at java.base/jdk.internal.reflect.DelegatingMethodAccessorImpl.invoke(DelegatingMethodAccessorImpl.java:43)
at java.base/java.lang.reflect.Method.invoke(Method.java:568)
at org.testng.internal.invokers.MethodInvocationHelper.invokeMethod(MethodInvocationHelper.java:139)
at org.testng.internal.invokers.TestInvoker.invokeMethod(TestInvoker.java:664)
at org.testng.internal.invokers.TestInvoker.invokeTestMethod(TestInvoker.java:228)
at org.testng.internal.invokers.MethodRunner.runInSequence(MethodRunner.java:63)
at org.testng.internal.invokers.TestInvoker$MethodInvocationAgent.invoke(TestInvoker.java:961)
at org.testng.internal.invokers.TestInvoker.invokeTestMethods(TestInvoker.java:201)
at org.testng.internal.invokers.TestMethodWorker.invokeTestMethods(TestMethodWorker.java:148)
at org.testng.internal.invokers.TestMethodWorker.run(TestMethodWorker.java:128)
at java.base/java.util.ArrayList.forEach(ArrayList.java:1511)
at org.testng.TestRunner.privateRun(TestRunner.java:819)
at org.testng.TestRunner.run(TestRunner.java:619)
at org.testng.SuiteRunner.runTest(SuiteRunner.java:443)
at org.testng.SuiteRunner.runSequentially(SuiteRunner.java:437)
at org.testng.SuiteRunner.privateRun(SuiteRunner.java:397)
at org.testng.SuiteRunner.run(SuiteRunner.java:336)
at org.testng.SuiteRunnerWorker.runSuite(SuiteRunnerWorker.java:52)
at org.testng.SuiteRunnerWorker.run(SuiteRunnerWorker.java:95)
at org.testng.TestNG.runSuitesSequentially(TestNG.java:1301)
at org.testng.TestNG.runSuitesLocally(TestNG.java:1228)
at org.testng.TestNG.runSuites(TestNG.java:1134)
at org.testng.TestNG.run(TestNG.java:1101)
at org.apache.maven.surefire.testng.TestNGExecutor.run(TestNGExecutor.java:308)
at org.apache.maven.surefire.testng.TestNGXmlTestSuite.execute(TestNGXmlTestSuite.java:71)
at org.apache.maven.surefire.testng.TestNGProvider.invoke(TestNGProvider.java:113)
at org.apache.maven.surefire.booter.ForkedBooter.runSuitesInProcess(ForkedBooter.java:385)
at org.apache.maven.surefire.booter.ForkedBooter.execute(ForkedBooter.java:162)
at org.apache.maven.surefire.booter.ForkedBooter.run(ForkedBooter.java:507)
at org.apache.maven.surefire.booter.ForkedBooter.main(ForkedBooter.java:495)
]]>
            </full-stacktrace>
          </exception> <!-- org.openqa.selenium.TimeoutException -->
          <reporter-output>
          </reporter-output>
        </test-method> <!-- executeFieldValidationCases -->
        <test-method is-config="true" signature="tearDown(org.testng.ITestResult)[pri:0, instance:net.fernandosalas.tests.StudentManagementTest@384ad17b]" started-at="2026-06-25T14:55:15 ICT" name="tearDown" finished-at="2026-06-25T14:55:15 ICT" duration-ms="348" status="PASS">
          <params>
            <param index="0">
              <value>
                <![CDATA[[TestResult name=executeFieldValidationCases status=FAILURE method=StudentManagementTest.executeFieldValidationCases(java.lang.String,java.lang.String,java.lang.String,java.lang.String)[pri:0, instance:net.fernandosalas.tests.StudentManagementTest@384ad17b] output={null}]]]>
              </value>
            </param>
          </params>
          <reporter-output>
          </reporter-output>
        </test-method> <!-- tearDown -->
        <test-method is-config="true" signature="setUp()[pri:0, instance:net.fernandosalas.tests.StudentManagementTest@384ad17b]" started-at="2026-06-25T14:55:15 ICT" name="setUp" finished-at="2026-06-25T14:55:16 ICT" duration-ms="829" status="PASS">
          <reporter-output>
          </reporter-output>
        </test-method> <!-- setUp -->
        <test-method signature="executeFieldValidationCases(java.lang.String,java.lang.String,java.lang.String,java.lang.String)[pri:0, instance:net.fernandosalas.tests.StudentManagementTest@384ad17b]" started-at="2026-06-25T14:55:16 ICT" name="executeFieldValidationCases" description="TC_ADD_17 ~ 33 (Trừ Email): Kiểm tra validation độ dài, ký tự đặc biệt và bảo mật XSS" data-provider="fieldValidationData" finished-at="2026-06-25T14:55:28 ICT" duration-ms="11409" status="FAIL">
          <params>
            <param index="0">
              <value>
                <![CDATA[TC_ADD_26]]>
              </value>
            </param>
            <param index="1">
              <value>
                <![CDATA[Van123]]>
              </value>
            </param>
            <param index="2">
              <value>
                <![CDATA[Nguyen]]>
              </value>
            </param>
            <param index="3">
              <value>
                <![CDATA[First Name cannot contain numbers]]>
              </value>
            </param>
          </params>
          <exception class="org.openqa.selenium.TimeoutException">
            <message>
              <![CDATA[Expected condition failed: waiting for visibility of element located by By.cssSelector: .invalid-feedback (tried for 10 second(s) with 500 milliseconds interval)
Build info: version: '4.18.1', revision: 'b1d3319b48'
System info: os.name: 'Windows 10', os.arch: 'amd64', os.version: '10.0', java.version: '17.0.12'
Driver info: org.openqa.selenium.chrome.ChromeDriver
Capabilities {acceptInsecureCerts: false, browserName: chrome, browserVersion: 149.0.7827.116, chrome: {chromedriverVersion: 149.0.7827.155 (07b52360cc1..., userDataDir: C:\Users\admin\AppData\Loca...}, fedcm:accounts: true, goog:chromeOptions: {debuggerAddress: localhost:50083}, goog:processID: 26804, networkConnectionEnabled: false, pageLoadStrategy: normal, platformName: windows, proxy: Proxy(), se:cdp: ws://localhost:50083/devtoo..., se:cdpVersion: 149.0.7827.116, setWindowRect: true, strictFileInteractability: false, timeouts: {implicit: 0, pageLoad: 300000, script: 30000}, unhandledPromptBehavior: dismiss and notify, webauthn:extension:credBlob: true, webauthn:extension:largeBlob: true, webauthn:extension:minPinLength: true, webauthn:extension:prf: true, webauthn:virtualAuthenticators: true}
Session ID: 76d4e4d9fb08794c3d6f4c682c18bd36]]>
            </message>
            <full-stacktrace>
              <![CDATA[org.openqa.selenium.TimeoutException: Expected condition failed: waiting for visibility of element located by By.cssSelector: .invalid-feedback (tried for 10 second(s) with 500 milliseconds interval)
Build info: version: '4.18.1', revision: 'b1d3319b48'
System info: os.name: 'Windows 10', os.arch: 'amd64', os.version: '10.0', java.version: '17.0.12'
Driver info: org.openqa.selenium.chrome.ChromeDriver
Capabilities {acceptInsecureCerts: false, browserName: chrome, browserVersion: 149.0.7827.116, chrome: {chromedriverVersion: 149.0.7827.155 (07b52360cc1..., userDataDir: C:\Users\admin\AppData\Loca...}, fedcm:accounts: true, goog:chromeOptions: {debuggerAddress: localhost:50083}, goog:processID: 26804, networkConnectionEnabled: false, pageLoadStrategy: normal, platformName: windows, proxy: Proxy(), se:cdp: ws://localhost:50083/devtoo..., se:cdpVersion: 149.0.7827.116, setWindowRect: true, strictFileInteractability: false, timeouts: {implicit: 0, pageLoad: 300000, script: 30000}, unhandledPromptBehavior: dismiss and notify, webauthn:extension:credBlob: true, webauthn:extension:largeBlob: true, webauthn:extension:minPinLength: true, webauthn:extension:prf: true, webauthn:virtualAuthenticators: true}
Session ID: 76d4e4d9fb08794c3d6f4c682c18bd36
at org.openqa.selenium.support.ui.WebDriverWait.timeoutException(WebDriverWait.java:84)
at org.openqa.selenium.support.ui.FluentWait.until(FluentWait.java:228)
at net.fernandosalas.pages.StudentFormPage.getValidationErrorMessage(StudentFormPage.java:98)
at net.fernandosalas.tests.StudentManagementTest.executeFieldValidationCases(StudentManagementTest.java:224)
at java.base/jdk.internal.reflect.NativeMethodAccessorImpl.invoke0(Native Method)
at java.base/jdk.internal.reflect.NativeMethodAccessorImpl.invoke(NativeMethodAccessorImpl.java:77)
at java.base/jdk.internal.reflect.DelegatingMethodAccessorImpl.invoke(DelegatingMethodAccessorImpl.java:43)
at java.base/java.lang.reflect.Method.invoke(Method.java:568)
at org.testng.internal.invokers.MethodInvocationHelper.invokeMethod(MethodInvocationHelper.java:139)
at org.testng.internal.invokers.TestInvoker.invokeMethod(TestInvoker.java:664)
at org.testng.internal.invokers.TestInvoker.invokeTestMethod(TestInvoker.java:228)
at org.testng.internal.invokers.MethodRunner.runInSequence(MethodRunner.java:63)
at org.testng.internal.invokers.TestInvoker$MethodInvocationAgent.invoke(TestInvoker.java:961)
at org.testng.internal.invokers.TestInvoker.invokeTestMethods(TestInvoker.java:201)
at org.testng.internal.invokers.TestMethodWorker.invokeTestMethods(TestMethodWorker.java:148)
at org.testng.internal.invokers.TestMethodWorker.run(TestMethodWorker.java:128)
at java.base/java.util.ArrayList.forEach(ArrayList.java:1511)
at org.testng.TestRunner.privateRun(TestRunner.java:819)
at org.testng.TestRunner.run(TestRunner.java:619)
at org.testng.SuiteRunner.runTest(SuiteRunner.java:443)
at org.testng.SuiteRunner.runSequentially(SuiteRunner.java:437)
at org.testng.SuiteRunner.privateRun(SuiteRunner.java:397)
at org.testng.SuiteRunner.run(SuiteRunner.java:336)
at org.testng.SuiteRunnerWorker.runSuite(SuiteRunnerWorker.java:52)
at org.testng.SuiteRunnerWorker.run(SuiteRunnerWorker.java:95)
at org.testng.TestNG.runSuitesSequentially(TestNG.java:1301)
at org.testng.TestNG.runSuitesLocally(TestNG.java:1228)
at org.testng.TestNG.runSuites(TestNG.java:1134)
at org.testng.TestNG.run(TestNG.java:1101)
at org.apache.maven.surefire.testng.TestNGExecutor.run(TestNGExecutor.java:308)
at org.apache.maven.surefire.testng.TestNGXmlTestSuite.execute(TestNGXmlTestSuite.java:71)
at org.apache.maven.surefire.testng.TestNGProvider.invoke(TestNGProvider.java:113)
at org.apache.maven.surefire.booter.ForkedBooter.runSuitesInProcess(ForkedBooter.java:385)
at org.apache.maven.surefire.booter.ForkedBooter.execute(ForkedBooter.java:162)
at org.apache.maven.surefire.booter.ForkedBooter.run(ForkedBooter.java:507)
at org.apache.maven.surefire.booter.ForkedBooter.main(ForkedBooter.java:495)
]]>
            </full-stacktrace>
          </exception> <!-- org.openqa.selenium.TimeoutException -->
          <reporter-output>
          </reporter-output>
        </test-method> <!-- executeFieldValidationCases -->
        <test-method is-config="true" signature="tearDown(org.testng.ITestResult)[pri:0, instance:net.fernandosalas.tests.StudentManagementTest@384ad17b]" started-at="2026-06-25T14:55:28 ICT" name="tearDown" finished-at="2026-06-25T14:55:28 ICT" duration-ms="305" status="PASS">
          <params>
            <param index="0">
              <value>
                <![CDATA[[TestResult name=executeFieldValidationCases status=FAILURE method=StudentManagementTest.executeFieldValidationCases(java.lang.String,java.lang.String,java.lang.String,java.lang.String)[pri:0, instance:net.fernandosalas.tests.StudentManagementTest@384ad17b] output={null}]]]>
              </value>
            </param>
          </params>
          <reporter-output>
          </reporter-output>
        </test-method> <!-- tearDown -->
        <test-method is-config="true" signature="setUp()[pri:0, instance:net.fernandosalas.tests.StudentManagementTest@384ad17b]" started-at="2026-06-25T14:55:28 ICT" name="setUp" finished-at="2026-06-25T14:55:29 ICT" duration-ms="793" status="PASS">
          <reporter-output>
          </reporter-output>
        </test-method> <!-- setUp -->
        <test-method signature="executeFieldValidationCases(java.lang.String,java.lang.String,java.lang.String,java.lang.String)[pri:0, instance:net.fernandosalas.tests.StudentManagementTest@384ad17b]" started-at="2026-06-25T14:55:29 ICT" name="executeFieldValidationCases" description="TC_ADD_17 ~ 33 (Trừ Email): Kiểm tra validation độ dài, ký tự đặc biệt và bảo mật XSS" data-provider="fieldValidationData" finished-at="2026-06-25T14:55:40 ICT" duration-ms="11459" status="FAIL">
          <params>
            <param index="0">
              <value>
                <![CDATA[TC_ADD_27]]>
              </value>
            </param>
            <param index="1">
              <value>
                <![CDATA[Van]]>
              </value>
            </param>
            <param index="2">
              <value>
                <![CDATA[Van123]]>
              </value>
            </param>
            <param index="3">
              <value>
                <![CDATA[Last Name cannot contain numbers]]>
              </value>
            </param>
          </params>
          <exception class="org.openqa.selenium.TimeoutException">
            <message>
              <![CDATA[Expected condition failed: waiting for visibility of element located by By.cssSelector: .invalid-feedback (tried for 10 second(s) with 500 milliseconds interval)
Build info: version: '4.18.1', revision: 'b1d3319b48'
System info: os.name: 'Windows 10', os.arch: 'amd64', os.version: '10.0', java.version: '17.0.12'
Driver info: org.openqa.selenium.chrome.ChromeDriver
Capabilities {acceptInsecureCerts: false, browserName: chrome, browserVersion: 149.0.7827.116, chrome: {chromedriverVersion: 149.0.7827.155 (07b52360cc1..., userDataDir: C:\Users\admin\AppData\Loca...}, fedcm:accounts: true, goog:chromeOptions: {debuggerAddress: localhost:50117}, goog:processID: 27360, networkConnectionEnabled: false, pageLoadStrategy: normal, platformName: windows, proxy: Proxy(), se:cdp: ws://localhost:50117/devtoo..., se:cdpVersion: 149.0.7827.116, setWindowRect: true, strictFileInteractability: false, timeouts: {implicit: 0, pageLoad: 300000, script: 30000}, unhandledPromptBehavior: dismiss and notify, webauthn:extension:credBlob: true, webauthn:extension:largeBlob: true, webauthn:extension:minPinLength: true, webauthn:extension:prf: true, webauthn:virtualAuthenticators: true}
Session ID: 4190cab18a2ee06c2d8bd7729df807b7]]>
            </message>
            <full-stacktrace>
              <![CDATA[org.openqa.selenium.TimeoutException: Expected condition failed: waiting for visibility of element located by By.cssSelector: .invalid-feedback (tried for 10 second(s) with 500 milliseconds interval)
Build info: version: '4.18.1', revision: 'b1d3319b48'
System info: os.name: 'Windows 10', os.arch: 'amd64', os.version: '10.0', java.version: '17.0.12'
Driver info: org.openqa.selenium.chrome.ChromeDriver
Capabilities {acceptInsecureCerts: false, browserName: chrome, browserVersion: 149.0.7827.116, chrome: {chromedriverVersion: 149.0.7827.155 (07b52360cc1..., userDataDir: C:\Users\admin\AppData\Loca...}, fedcm:accounts: true, goog:chromeOptions: {debuggerAddress: localhost:50117}, goog:processID: 27360, networkConnectionEnabled: false, pageLoadStrategy: normal, platformName: windows, proxy: Proxy(), se:cdp: ws://localhost:50117/devtoo..., se:cdpVersion: 149.0.7827.116, setWindowRect: true, strictFileInteractability: false, timeouts: {implicit: 0, pageLoad: 300000, script: 30000}, unhandledPromptBehavior: dismiss and notify, webauthn:extension:credBlob: true, webauthn:extension:largeBlob: true, webauthn:extension:minPinLength: true, webauthn:extension:prf: true, webauthn:virtualAuthenticators: true}
Session ID: 4190cab18a2ee06c2d8bd7729df807b7
at org.openqa.selenium.support.ui.WebDriverWait.timeoutException(WebDriverWait.java:84)
at org.openqa.selenium.support.ui.FluentWait.until(FluentWait.java:228)
at net.fernandosalas.pages.StudentFormPage.getValidationErrorMessage(StudentFormPage.java:98)
at net.fernandosalas.tests.StudentManagementTest.executeFieldValidationCases(StudentManagementTest.java:224)
at java.base/jdk.internal.reflect.NativeMethodAccessorImpl.invoke0(Native Method)
at java.base/jdk.internal.reflect.NativeMethodAccessorImpl.invoke(NativeMethodAccessorImpl.java:77)
at java.base/jdk.internal.reflect.DelegatingMethodAccessorImpl.invoke(DelegatingMethodAccessorImpl.java:43)
at java.base/java.lang.reflect.Method.invoke(Method.java:568)
at org.testng.internal.invokers.MethodInvocationHelper.invokeMethod(MethodInvocationHelper.java:139)
at org.testng.internal.invokers.TestInvoker.invokeMethod(TestInvoker.java:664)
at org.testng.internal.invokers.TestInvoker.invokeTestMethod(TestInvoker.java:228)
at org.testng.internal.invokers.MethodRunner.runInSequence(MethodRunner.java:63)
at org.testng.internal.invokers.TestInvoker$MethodInvocationAgent.invoke(TestInvoker.java:961)
at org.testng.internal.invokers.TestInvoker.invokeTestMethods(TestInvoker.java:201)
at org.testng.internal.invokers.TestMethodWorker.invokeTestMethods(TestMethodWorker.java:148)
at org.testng.internal.invokers.TestMethodWorker.run(TestMethodWorker.java:128)
at java.base/java.util.ArrayList.forEach(ArrayList.java:1511)
at org.testng.TestRunner.privateRun(TestRunner.java:819)
at org.testng.TestRunner.run(TestRunner.java:619)
at org.testng.SuiteRunner.runTest(SuiteRunner.java:443)
at org.testng.SuiteRunner.runSequentially(SuiteRunner.java:437)
at org.testng.SuiteRunner.privateRun(SuiteRunner.java:397)
at org.testng.SuiteRunner.run(SuiteRunner.java:336)
at org.testng.SuiteRunnerWorker.runSuite(SuiteRunnerWorker.java:52)
at org.testng.SuiteRunnerWorker.run(SuiteRunnerWorker.java:95)
at org.testng.TestNG.runSuitesSequentially(TestNG.java:1301)
at org.testng.TestNG.runSuitesLocally(TestNG.java:1228)
at org.testng.TestNG.runSuites(TestNG.java:1134)
at org.testng.TestNG.run(TestNG.java:1101)
at org.apache.maven.surefire.testng.TestNGExecutor.run(TestNGExecutor.java:308)
at org.apache.maven.surefire.testng.TestNGXmlTestSuite.execute(TestNGXmlTestSuite.java:71)
at org.apache.maven.surefire.testng.TestNGProvider.invoke(TestNGProvider.java:113)
at org.apache.maven.surefire.booter.ForkedBooter.runSuitesInProcess(ForkedBooter.java:385)
at org.apache.maven.surefire.booter.ForkedBooter.execute(ForkedBooter.java:162)
at org.apache.maven.surefire.booter.ForkedBooter.run(ForkedBooter.java:507)
at org.apache.maven.surefire.booter.ForkedBooter.main(ForkedBooter.java:495)
]]>
            </full-stacktrace>
          </exception> <!-- org.openqa.selenium.TimeoutException -->
          <reporter-output>
          </reporter-output>
        </test-method> <!-- executeFieldValidationCases -->
        <test-method is-config="true" signature="tearDown(org.testng.ITestResult)[pri:0, instance:net.fernandosalas.tests.StudentManagementTest@384ad17b]" started-at="2026-06-25T14:55:40 ICT" name="tearDown" finished-at="2026-06-25T14:55:40 ICT" duration-ms="338" status="PASS">
          <params>
            <param index="0">
              <value>
                <![CDATA[[TestResult name=executeFieldValidationCases status=FAILURE method=StudentManagementTest.executeFieldValidationCases(java.lang.String,java.lang.String,java.lang.String,java.lang.String)[pri:0, instance:net.fernandosalas.tests.StudentManagementTest@384ad17b] output={null}]]]>
              </value>
            </param>
          </params>
          <reporter-output>
          </reporter-output>
        </test-method> <!-- tearDown -->
        <test-method is-config="true" signature="setUp()[pri:0, instance:net.fernandosalas.tests.StudentManagementTest@384ad17b]" started-at="2026-06-25T14:55:40 ICT" name="setUp" finished-at="2026-06-25T14:55:41 ICT" duration-ms="896" status="PASS">
          <reporter-output>
          </reporter-output>
        </test-method> <!-- setUp -->
        <test-method signature="executeFieldValidationCases(java.lang.String,java.lang.String,java.lang.String,java.lang.String)[pri:0, instance:net.fernandosalas.tests.StudentManagementTest@384ad17b]" started-at="2026-06-25T14:55:41 ICT" name="executeFieldValidationCases" description="TC_ADD_17 ~ 33 (Trừ Email): Kiểm tra validation độ dài, ký tự đặc biệt và bảo mật XSS" data-provider="fieldValidationData" finished-at="2026-06-25T14:55:53 ICT" duration-ms="11407" status="FAIL">
          <params>
            <param index="0">
              <value>
                <![CDATA[TC_ADD_28]]>
              </value>
            </param>
            <param index="1">
              <value>
                <![CDATA[     ]]>
              </value>
            </param>
            <param index="2">
              <value>
                <![CDATA[Nguyen]]>
              </value>
            </param>
            <param index="3">
              <value>
                <![CDATA[This field is required]]>
              </value>
            </param>
          </params>
          <exception class="org.openqa.selenium.TimeoutException">
            <message>
              <![CDATA[Expected condition failed: waiting for visibility of element located by By.cssSelector: .invalid-feedback (tried for 10 second(s) with 500 milliseconds interval)
Build info: version: '4.18.1', revision: 'b1d3319b48'
System info: os.name: 'Windows 10', os.arch: 'amd64', os.version: '10.0', java.version: '17.0.12'
Driver info: org.openqa.selenium.chrome.ChromeDriver
[...]
at org.testng.SuiteRunner.runSequentially(SuiteRunner.java:437)
at org.testng.SuiteRunner.privateRun(SuiteRunner.java:397)
at org.testng.SuiteRunner.run(SuiteRunner.java:336)
at org.testng.SuiteRunnerWorker.runSuite(SuiteRunnerWorker.java:52)
at org.testng.SuiteRunnerWorker.run(SuiteRunnerWorker.java:95)
at org.testng.TestNG.runSuitesSequentially(TestNG.java:1301)
at org.testng.TestNG.runSuitesLocally(TestNG.java:1228)
at org.testng.TestNG.runSuites(TestNG.java:1134)
at org.testng.TestNG.run(TestNG.java:1101)
at org.apache.maven.surefire.testng.TestNGExecutor.run(TestNGExecutor.java:308)
at org.apache.maven.surefire.testng.TestNGXmlTestSuite.execute(TestNGXmlTestSuite.java:71)
at org.apache.maven.surefire.testng.TestNGProvider.invoke(TestNGProvider.java:113)
at org.apache.maven.surefire.booter.ForkedBooter.runSuitesInProcess(ForkedBooter.java:385)
at org.apache.maven.surefire.booter.ForkedBooter.execute(ForkedBooter.java:162)
at org.apache.maven.surefire.booter.ForkedBooter.run(ForkedBooter.java:507)
at org.apache.maven.surefire.booter.ForkedBooter.main(ForkedBooter.java:495)
]]>
            </full-stacktrace>
          </exception> <!-- org.openqa.selenium.TimeoutException -->
          <reporter-output>
          </reporter-output>
        </test-method> <!-- executeUpdateFieldValidationCases -->
        <test-method is-config="true" signature="tearDown(org.testng.ITestResult)[pri:0, instance:net.fernandosalas.tests.StudentManagementTest@384ad17b]" started-at="2026-06-25T15:03:20 ICT" name="tearDown" finished-at="2026-06-25T15:03:21 ICT" duration-ms="316" status="PASS">
          <params>
            <param index="0">
              <value>
                <![CDATA[[TestResult name=executeUpdateFieldValidationCases status=FAILURE method=StudentManagementTest.executeUpdateFieldValidationCases(java.lang.String,java.lang.String,java.lang.String,java.lang.String)[pri:106, instance:net.fernandosalas.tests.StudentManagementTest@384ad17b] output={null}]]]>
              </value>
            </param>
          </params>
          <reporter-output>
          </reporter-output>
        </test-method> <!-- tearDown -->
        <test-method is-config="true" signature="setUp()[pri:0, instance:net.fernandosalas.tests.StudentManagementTest@384ad17b]" started-at="2026-06-25T15:03:21 ICT" name="setUp" finished-at="2026-06-25T15:03:22 ICT" duration-ms="791" status="PASS">
          <reporter-output>
          </reporter-output>
        </test-method> <!-- setUp -->
        <test-method signature="TC_DEL_01_deleteExistingStudent()[pri:300, instance:net.fernandosalas.tests.StudentManagementTest@384ad17b]" started-at="2026-06-25T15:03:22 ICT" name="TC_DEL_01_deleteExistingStudent" description="TC_DEL_01: Xóa sinh viên tồn tại – Toast thành công, bản ghi biến mất" finished-at="2026-06-25T15:03:24 ICT" duration-ms="2360" status="PASS">
          <reporter-output>
          </reporter-output>
        </test-method> <!-- TC_DEL_01_deleteExistingStudent -->
        <test-method is-config="true" signature="tearDown(org.testng.ITestResult)[pri:0, instance:net.fernandosalas.tests.StudentManagementTest@384ad17b]" started-at="2026-06-25T15:03:24 ICT" name="tearDown" finished-at="2026-06-25T15:03:24 ICT" duration-ms="272" status="PASS">
          <params>
            <param index="0">
              <value>
                <![CDATA[[TestResult name=TC_DEL_01_deleteExistingStudent status=SUCCESS method=StudentManagementTest.TC_DEL_01_deleteExistingStudent()[pri:300, instance:net.fernandosalas.tests.StudentManagementTest@384ad17b] output={null}]]]>
              </value>
            </param>
          </params>
          <reporter-output>
          </reporter-output>
        </test-method> <!-- tearDown -->
        <test-method is-config="true" signature="setUp()[pri:0, instance:net.fernandosalas.tests.StudentManagementTest@384ad17b]" started-at="2026-06-25T15:03:24 ICT" name="setUp" finished-at="2026-06-25T15:03:25 ICT" duration-ms="780" status="PASS">
          <reporter-output>
          </reporter-output>
        </test-method> <!-- setUp -->
        <test-method signature="TC_DEL_02_deleteDoesNotAffectOthers()[pri:301, instance:net.fernandosalas.tests.StudentManagementTest@384ad17b]" started-at="2026-06-25T15:03:25 ICT" name="TC_DEL_02_deleteDoesNotAffectOthers" description="TC_DEL_02: Xóa sinh viên – N-1 bản ghi còn lại không bị ảnh hưởng" finished-at="2026-06-25T15:03:28 ICT" duration-ms="2704" status="PASS">
          <reporter-output>
          </reporter-output>
        </test-method> <!-- TC_DEL_02_deleteDoesNotAffectOthers -->
        <test-method is-config="true" signature="tearDown(org.testng.ITestResult)[pri:0, instance:net.fernandosalas.tests.StudentManagementTest@384ad17b]" started-at="2026-06-25T15:03:28 ICT" name="tearDown" finished-at="2026-06-25T15:03:28 ICT" duration-ms="181" status="PASS">
          <params>
            <param index="0">
              <value>
                <![CDATA[[TestResult name=TC_DEL_02_deleteDoesNotAffectOthers status=SUCCESS method=StudentManagementTest.TC_DEL_02_deleteDoesNotAffectOthers()[pri:301, instance:net.fernandosalas.tests.StudentManagementTest@384ad17b] output={null}]]]>
              </value>
            </param>
          </params>
          <reporter-output>
          </reporter-output>
        </test-method> <!-- tearDown -->
        <test-method is-config="true" signature="setUp()[pri:0, instance:net.fernandosalas.tests.StudentManagementTest@384ad17b]" started-at="2026-06-25T15:03:28 ICT" name="setUp" finished-at="2026-06-25T15:03:29 ICT" duration-ms="747" status="PASS">
          <reporter-output>
          </reporter-output>
        </test-method> <!-- setUp -->
        <test-method signature="TC_DEL_03_deleteLastStudent()[pri:302, instance:net.fernandosalas.tests.StudentManagementTest@384ad17b]" started-at="2026-06-25T15:03:29 ICT" name="TC_DEL_03_deleteLastStudent" description="TC_DEL_03: Xóa sinh viên cuối cùng (BVA) – bảng trống, không crash" finished-at="2026-06-25T15:03:33 ICT" duration-ms="4752" status="PASS">
          <reporter-output>
          </reporter-output>
        </test-method> <!-- TC_DEL_03_deleteLastStudent -->
        <test-method is-config="true" signature="tearDown(org.testng.ITestResult)[pri:0, instance:net.fernandosalas.tests.StudentManagementTest@384ad17b]" started-at="2026-06-25T15:03:33 ICT" name="tearDown" finished-at="2026-06-25T15:03:34 ICT" duration-ms="194" status="PASS">
          <params>
            <param index="0">
              <value>
                <![CDATA[[TestResult name=TC_DEL_03_deleteLastStudent status=SUCCESS method=StudentManagementTest.TC_DEL_03_deleteLastStudent()[pri:302, instance:net.fernandosalas.tests.StudentManagementTest@384ad17b] output={null}]]]>
              </value>
            </param>
          </params>
          <reporter-output>
          </reporter-output>
        </test-method> <!-- tearDown -->
        <test-method is-config="true" signature="setUp()[pri:0, instance:net.fernandosalas.tests.StudentManagementTest@384ad17b]" started-at="2026-06-25T15:03:34 ICT" name="setUp" finished-at="2026-06-25T15:03:34 ICT" duration-ms="784" status="PASS">
          <reporter-output>
          </reporter-output>
        </test-method> <!-- setUp -->
        <test-method signature="TC_DEL_04_reuseEmailAfterDelete()[pri:303, instance:net.fernandosalas.tests.StudentManagementTest@384ad17b]" started-at="2026-06-25T15:03:34 ICT" name="TC_DEL_04_reuseEmailAfterDelete" description="TC_DEL_04: Xóa rồi thêm lại với email đã xóa – unique constraint giải phóng" finished-at="2026-06-25T15:03:38 ICT" duration-ms="3239" status="PASS">
          <reporter-output>
          </reporter-output>
        </test-method> <!-- TC_DEL_04_reuseEmailAfterDelete -->
        <test-method is-config="true" signature="tearDown(org.testng.ITestResult)[pri:0, instance:net.fernandosalas.tests.StudentManagementTest@384ad17b]" started-at="2026-06-25T15:03:38 ICT" name="tearDown" finished-at="2026-06-25T15:03:38 ICT" duration-ms="257" status="PASS">
          <params>
            <param index="0">
              <value>
                <![CDATA[[TestResult name=TC_DEL_04_reuseEmailAfterDelete status=SUCCESS method=StudentManagementTest.TC_DEL_04_reuseEmailAfterDelete()[pri:303, instance:net.fernandosalas.tests.StudentManagementTest@384ad17b] output={null}]]]>
              </value>
            </param>
          </params>
          <reporter-output>
          </reporter-output>
        </test-method> <!-- tearDown -->
        <test-method is-config="true" signature="setUp()[pri:0, instance:net.fernandosalas.tests.StudentManagementTest@384ad17b]" started-at="2026-06-25T15:03:38 ICT" name="setUp" finished-at="2026-06-25T15:03:39 ICT" duration-ms="793" status="PASS">
          <reporter-output>
          </reporter-output>
        </test-method> <!-- setUp -->
        <test-method signature="TC_DEL_05_verifyDeleteConfirmationPopup()[pri:304, instance:net.fernandosalas.tests.StudentManagementTest@384ad17b]" started-at="2026-06-25T15:03:39 ICT" name="TC_DEL_05_verifyDeleteConfirmationPopup" description="TC_DEL_05: Hệ thống phải hiển thị Popup xác nhận trước khi xóa" finished-at="2026-06-25T15:03:43 ICT" duration-ms="4843" status="FAIL">
          <exception class="java.lang.AssertionError">
            <message>
              <![CDATA[[BUG] Hệ thống rủi ro mất dữ liệu: Không hiển thị Popup xác nhận khi người dùng bấm nút Xóa! expected [true] but found [false]]]>
            </message>
            <full-stacktrace>
              <![CDATA[java.lang.AssertionError: [BUG] Hệ thống rủi ro mất dữ liệu: Không hiển thị Popup xác nhận khi người dùng bấm nút Xóa! expected [true] but found [false]
at org.testng.Assert.fail(Assert.java:111)
at org.testng.Assert.failNotEquals(Assert.java:1578)
at org.testng.Assert.assertTrue(Assert.java:57)
at net.fernandosalas.tests.StudentManagementTest.TC_DEL_05_verifyDeleteConfirmationPopup(StudentManagementTest.java:845)
at java.base/jdk.internal.reflect.NativeMethodAccessorImpl.invoke0(Native Method)
at java.base/jdk.internal.reflect.NativeMethodAccessorImpl.invoke(NativeMethodAccessorImpl.java:77)
at java.base/jdk.internal.reflect.DelegatingMethodAccessorImpl.invoke(DelegatingMethodAccessorImpl.java:43)
at java.base/java.lang.reflect.Method.invoke(Method.java:568)
at org.testng.internal.invokers.MethodInvocationHelper.invokeMethod(MethodInvocationHelper.java:139)
at org.testng.internal.invokers.TestInvoker.invokeMethod(TestInvoker.java:664)
at org.testng.internal.invokers.TestInvoker.invokeTestMethod(TestInvoker.java:228)
at org.testng.internal.invokers.MethodRunner.runInSequence(MethodRunner.java:63)
at org.testng.internal.invokers.TestInvoker$MethodInvocationAgent.invoke(TestInvoker.java:961)
at org.testng.internal.invokers.TestInvoker.invokeTestMethods(TestInvoker.java:201)
at org.testng.internal.invokers.TestMethodWorker.invokeTestMethods(TestMethodWorker.java:148)
at org.testng.internal.invokers.TestMethodWorker.run(TestMethodWorker.java:128)
at java.base/java.util.ArrayList.forEach(ArrayList.java:1511)
at org.testng.TestRunner.privateRun(TestRunner.java:819)
at org.testng.TestRunner.run(TestRunner.java:619)
at org.testng.SuiteRunner.runTest(SuiteRunner.java:443)
at org.testng.SuiteRunner.runSequentially(SuiteRunner.java:437)
at org.testng.SuiteRunner.privateRun(SuiteRunner.java:397)
at org.testng.SuiteRunner.run(SuiteRunner.java:336)
at org.testng.SuiteRunnerWorker.runSuite(SuiteRunnerWorker.java:52)
at org.testng.SuiteRunnerWorker.run(SuiteRunnerWorker.java:95)
at org.testng.TestNG.runSuitesSequentially(TestNG.java:1301)
at org.testng.TestNG.runSuitesLocally(TestNG.java:1228)
at org.testng.TestNG.runSuites(TestNG.java:1134)
at org.testng.TestNG.run(TestNG.java:1101)
at org.apache.maven.surefire.testng.TestNGExecutor.run(TestNGExecutor.java:308)
at org.apache.maven.surefire.testng.TestNGXmlTestSuite.execute(TestNGXmlTestSuite.java:71)
at org.apache.maven.surefire.testng.TestNGProvider.invoke(TestNGProvider.java:113)
at org.apache.maven.surefire.booter.ForkedBooter.runSuitesInProcess(ForkedBooter.java:385)
at org.apache.maven.surefire.booter.ForkedBooter.execute(ForkedBooter.java:162)
at org.apache.maven.surefire.booter.ForkedBooter.run(ForkedBooter.java:507)
at org.apache.maven.surefire.booter.ForkedBooter.main(ForkedBooter.java:495)
]]>
            </full-stacktrace>
          </exception> <!-- java.lang.AssertionError -->
          <reporter-output>
          </reporter-output>
        </test-method> <!-- TC_DEL_05_verifyDeleteConfirmationPopup -->
        <test-method is-config="true" signature="tearDown(org.testng.ITestResult)[pri:0, instance:net.fernandosalas.tests.StudentManagementTest@384ad17b]" started-at="2026-06-25T15:03:43 ICT" name="tearDown" finished-at="2026-06-25T15:03:44 ICT" duration-ms="355" status="PASS">
          <params>
            <param index="0">
              <value>
                <![CDATA[[TestResult name=TC_DEL_05_verifyDeleteConfirmationPopup status=FAILURE method=StudentManagementTest.TC_DEL_05_verifyDeleteConfirmationPopup()[pri:304, instance:net.fernandosalas.tests.StudentManagementTest@384ad17b] output={null}]]]>
              </value>
            </param>
          </params>
          <reporter-output>
          </reporter-output>
        </test-method> <!-- tearDown -->
        <test-method is-config="true" signature="setUp()[pri:0, instance:net.fernandosalas.tests.StudentManagementTest@384ad17b]" started-at="2026-06-25T15:03:44 ICT" name="setUp" finished-at="2026-06-25T15:03:45 ICT" duration-ms="773" status="PASS">
          <reporter-output>
          </reporter-output>
        </test-method> <!-- setUp -->
        <test-method signature="TC_VIEW_01_viewStudentListWithData()[pri:400, instance:net.fernandosalas.tests.StudentManagementTest@384ad17b]" started-at="2026-06-25T15:03:45 ICT" name="TC_VIEW_01_viewStudentListWithData" description="TC_VIEW_01: Danh sách sinh viên hiển thị đúng và đầy đủ các cột" finished-at="2026-06-25T15:03:46 ICT" duration-ms="1411" status="PASS">
          <reporter-output>
          </reporter-output>
        </test-method> <!-- TC_VIEW_01_viewStudentListWithData -->
        <test-method is-config="true" signature="tearDown(org.testng.ITestResult)[pri:0, instance:net.fernandosalas.tests.StudentManagementTest@384ad17b]" started-at="2026-06-25T15:03:46 ICT" name="tearDown" finished-at="2026-06-25T15:03:46 ICT" duration-ms="246" status="PASS">
          <params>
            <param index="0">
              <value>
                <![CDATA[[TestResult name=TC_VIEW_01_viewStudentListWithData status=SUCCESS method=StudentManagementTest.TC_VIEW_01_viewStudentListWithData()[pri:400, instance:net.fernandosalas.tests.StudentManagementTest@384ad17b] output={null}]]]>
              </value>
            </param>
          </params>
          <reporter-output>
          </reporter-output>
        </test-method> <!-- tearDown -->
        <test-method is-config="true" signature="setUp()[pri:0, instance:net.fernandosalas.tests.StudentManagementTest@384ad17b]" started-at="2026-06-25T15:03:46 ICT" name="setUp" finished-at="2026-06-25T15:03:47 ICT" duration-ms="868" status="PASS">
          <reporter-output>
          </reporter-output>
        </test-method> <!-- setUp -->
        <test-method signature="TC_VIEW_02_viewEmptyStudentList()[pri:401, instance:net.fernandosalas.tests.StudentManagementTest@384ad17b]" started-at="2026-06-25T15:03:47 ICT" name="TC_VIEW_02_viewEmptyStudentList" description="TC_VIEW_02: Danh sách trống khi CSDL không có sinh viên – không crash" finished-at="2026-06-25T15:03:48 ICT" duration-ms="1231" status="PASS">
          <reporter-output>
          </reporter-output>
        </test-method> <!-- TC_VIEW_02_viewEmptyStudentList -->
        <test-method is-config="true" signature="tearDown(org.testng.ITestResult)[pri:0, instance:net.fernandosalas.tests.StudentManagementTest@384ad17b]" started-at="2026-06-25T15:03:48 ICT" name="tearDown" finished-at="2026-06-25T15:03:49 ICT" duration-ms="196" status="PASS">
          <params>
            <param index="0">
              <value>
                <![CDATA[[TestResult name=TC_VIEW_02_viewEmptyStudentList status=SUCCESS method=StudentManagementTest.TC_VIEW_02_viewEmptyStudentList()[pri:401, instance:net.fernandosalas.tests.StudentManagementTest@384ad17b] output={null}]]]>
              </value>
            </param>
          </params>
          <reporter-output>
          </reporter-output>
        </test-method> <!-- tearDown -->
        <test-method is-config="true" signature="setUp()[pri:0, instance:net.fernandosalas.tests.StudentManagementTest@384ad17b]" started-at="2026-06-25T15:03:49 ICT" name="setUp" finished-at="2026-06-25T15:03:49 ICT" duration-ms="749" status="PASS">
          <reporter-output>
          </reporter-output>
        </test-method> <!-- setUp -->
        <test-method signature="TC_VIEW_03_directUrlNavigation()[pri:402, instance:net.fernandosalas.tests.StudentManagementTest@384ad17b]" started-at="2026-06-25T15:03:49 ICT" name="TC_VIEW_03_directUrlNavigation" description="TC_VIEW_03: Truy cập trực tiếp URL /students – trang tải thành công" finished-at="2026-06-25T15:03:50 ICT" duration-ms="416" status="PASS">
          <reporter-output>
          </reporter-output>
        </test-method> <!-- TC_VIEW_03_directUrlNavigation -->
        <test-method is-config="true" signature="tearDown(org.testng.ITestResult)[pri:0, instance:net.fernandosalas.tests.StudentManagementTest@384ad17b]" started-at="2026-06-25T15:03:50 ICT" name="tearDown" finished-at="2026-06-25T15:03:50 ICT" duration-ms="235" status="PASS">
          <params>
            <param index="0">
              <value>
                <![CDATA[[TestResult name=TC_VIEW_03_directUrlNavigation status=SUCCESS method=StudentManagementTest.TC_VIEW_03_directUrlNavigation()[pri:402, instance:net.fernandosalas.tests.StudentManagementTest@384ad17b] output={null}]]]>
              </value>
            </param>
          </params>
          <reporter-output>
          </reporter-output>
        </test-method> <!-- tearDown -->
        <test-method is-config="true" signature="setUp()[pri:0, instance:net.fernandosalas.tests.StudentManagementTest@384ad17b]" started-at="2026-06-25T15:03:50 ICT" name="setUp" finished-at="2026-06-25T15:03:51 ICT" duration-ms="806" status="PASS">
          <reporter-output>
          </reporter-output>
        </test-method> <!-- setUp -->
        <test-method signature="TC_VIEW_06_verifyActionButtonsOnEachRow()[pri:405, instance:net.fernandosalas.tests.StudentManagementTest@384ad17b]" started-at="2026-06-25T15:03:51 ICT" name="TC_VIEW_06_verifyActionButtonsOnEachRow" description="TC_VIEW_06: Mỗi dòng trong bảng có đủ nút Update và Delete đúng vị trí" finished-at="2026-06-25T15:03:52 ICT" duration-ms="1201" status="PASS">
          <reporter-output>
          </reporter-output>
        </test-method> <!-- TC_VIEW_06_verifyActionButtonsOnEachRow -->
        <test-method is-config="true" signature="tearDown(org.testng.ITestResult)[pri:0, instance:net.fernandosalas.tests.StudentManagementTest@384ad17b]" started-at="2026-06-25T15:03:52 ICT" name="tearDown" finished-at="2026-06-25T15:03:52 ICT" duration-ms="191" status="PASS">
          <params>
            <param index="0">
              <value>
                <![CDATA[[TestResult name=TC_VIEW_06_verifyActionButtonsOnEachRow status=SUCCESS method=StudentManagementTest.TC_VIEW_06_verifyActionButtonsOnEachRow()[pri:405, instance:net.fernandosalas.tests.StudentManagementTest@384ad17b] output={null}]]]>
              </value>
            </param>
          </params>
          <reporter-output>
          </reporter-output>
        </test-method> <!-- tearDown -->
      </class> <!-- net.fernandosalas.tests.StudentManagementTest -->
    </test> <!-- Student CRUD Operations Test -->
  </suite> <!-- Student Management Test Suite -->
</testng-results>
